16:47:33.539 >   3179][I][main.cpp:93] loop(): [main] Z_D: 0
16:47:33.539 > [  3186][I][main.cpp:94] loop(): [main] Z_E: 0
16:47:33.539 > [  3193][I][main.cpp:95] loop(): [main] Z_F: 3300
16:47:33.539 > [  3200][I][main.cpp:102] loop(): [main] Currents (µA) - +12V: 45, +5V: 4060, -12V: 0
16:47:33.539 > [  3215][I][main.cpp:108] loop(): [main] Power rails - +12: 0 +5: 0 -12: 0
16:47:33.539 > 
16:47:33.539 > 
16:47:33.539 > 
16:47:33.539 > 
16:47:33.539 > 
16:47:33.539 > 
16:47:33.539 > 
16:47:33.539 > 
16:47:33.539 > 
16:47:33.539 > 
16:47:33.539 > ================
16:47:33.539 > [  3276][I][main.cpp:79] loop(): [main] LEDS: 0
16:47:33.539 > [  3282][I][main.cpp:83] loop(): [main] ADC Values (mV):
16:47:33.539 > [  3287][I][main.cpp:84] loop(): [main] 1k_A: 1619
16:47:33.539 > [  3295][I][main.cpp:85] loop(): [main] 1k_B: 1615
16:47:33.539 > [  3303][I][main.cpp:86] loop(): [main] 1k_C: 1617
16:47:33.539 > [  3311][I][main.cpp:87] loop(): [main] 1k_D: 1623
16:47:33.539 > [  3319][I][main.cpp:88] loop(): [main] 1k_E: 1621
16:47:33.539 > [  3327][I][main.cpp:89] loop(): [main] 1k_F: 1622
16:47:33.539 > [  3335][I][main.cpp:90] loop(): [main] PD_A: 1486
16:47:33.539 > [  3342][I][main.cpp:91] loop(): [main] PD_B: 1477
16:47:33.539 > [  3350][I][main.cpp:92] loop(): [main] PD_C: 1472
16:47:33.539 > [  3357][I][main.cpp:93] loop(): [main] Z_D: 0
16:47:33.539 > [  3364][I][main.cpp:94] loop(): [main] Z_E: 0
16:47:33.539 > [  3371][I][main.cpp:95] loop(): [main] Z_F: 3300
16:47:33.539 > [  3378][I][main.cpp:102] loop(): [main] Currents (µA) - +12V: 0, +5V: 0, -12V: 0
16:47:33.539 > [  3393][I][main.cpp:108] loop(): [main] Power rails - +12: 0 +5: 0 -12: 0
16:47:33.539 > 
16:47:33.539 > 
16:47:33.539 > 
16:47:33.539 > 
16:47:33.539 > 
16:47:33.539 > 
16:47:33.539 > 
16:47:33.539 > 
16:47:33.539 > 
16:47:33.539 > 
16:47:33.539 > ================
16:47:33.539 > [  3454][I][main.cpp:79] loop(): [main] LEDS: 1
16:47:33.539 > [  3460][I][main.cpp:83] loop(): [main] ADC Values (mV):
16:47:33.539 > [  3465][I][main.cpp:84] loop(): [main] 1k_A: 1617
16:47:33.539 > [  3473][I][main.cpp:85] loop(): [main] 1k_B: 1615
16:47:33.539 > [  3481][I][main.cpp:86] loop(): [main] 1k_C: 1617
16:47:33.539 > [  3489][I][main.cpp:87] loop(): [main] 1k_D: 1622
16:47:33.539 > [  3497][I][main.cpp:88] loop(): [main] 1k_E: 1618
16:47:33.539 > [  3505][I][main.cpp:89] loop(): [main] 1k_F: 1620
16:47:33.539 > [  3513][I][main.cpp:90] loop(): [main] PD_A: 1485
16:47:33.539 > [  3520][I][main.cpp:91] loop(): [main] PD_B: 1483
16:47:33.539 > [  3528][I][main.cpp:92] loop(): [main] PD_C: 1474
16:47:33.539 > [  3535][I][main.cpp:93] loop(): [main] Z_D: 0
16:47:33.539 > [  3542][I][main.cpp:94] loop(): [main] Z_E: 0
16:47:33.539 > [  3549][I][main.cpp:95] loop(): [main] Z_F: 3300
16:47:33.539 > [  3556][I][main.cpp:102] loop(): [main] Currents (µA) - +12V: 45, +5V: 3460, -12V: 0
16:47:33.539 > [  3571][I][main.cpp:108] loop(): [main] Power rails - +12: 0 +5: 0 -12: 0
16:47:33.539 > 
16:47:33.539 > 
16:47:33.539 > 
16:47:33.539 > 
16:47:33.539 > 
16:47:33.539 > 
16:47:33.539 > 
16:47:33.539 > 
16:47:33.539 > 
16:47:33.539 > 
16:47:33.539 > ================
16:47:33.539 > [  3632][I][main.cpp:79] loop(): [main] LEDS: 0
16:47:33.539 > [  3638][I][main.cpp:83] loop(): [main] ADC Values (mV):
16:47:33.539 > [  3643][I][main.cpp:84] loop(): [main] 1k_A: 1616
16:47:33.539 > [  3651][I][main.cpp:85] loop(): [main] 1k_B: 1615
16:47:33.539 > [  3659][I][main.cpp:86] loop(): [main] 1k_C: 1618
16:47:33.539 > [  3667][I][main.cpp:87] loop(): [main] 1k_D: 1622
16:47:33.539 > [  3675][I][main.cpp:88] loop(): [main] 1k_E: 1620
16:47:33.539 > [  3683][I][main.cpp:89] loop(): [main] 1k_F: 1621
16:47:33.539 > [  3691][I][main.cpp:90] loop(): [main] PD_A: 1481
16:47:33.539 > [  3698][I][main.cpp:91] loop(): [main] PD_B: 1490
16:47:33.539 > [  3706][I][main.cpp:92] loop(): [main] PD_C: 1472
16:47:33.539 > [  3713][I][main.cpp:93] loop(): [main] Z_D: 0
16:47:33.539 > [  3720][I][main.cpp:94] loop(): [main] Z_E: 0
16:47:33.539 > [  3727][I][main.cpp:95] loop(): [main] Z_F: 3300
16:47:33.539 > [  3734][I][main.cpp:102] loop(): [main] Currents (µA) - +12V: 0, +5V: 0, -12V: 0
16:47:33.539 > [  3749][I][main.cpp:108] loop(): [main] Power rails - +12: 0 +5: 0 -12: 0
16:47:33.539 > 
16:47:33.539 > 
16:47:33.539 > 
16:47:33.539 > 
16:47:33.539 > 
16:47:33.539 > 
16:47:33.539 > 
16:47:33.539 > 
16:47:33.539 > 
16:47:33.539 > 
16:47:33.539 > ================
16:47:33.539 > [  3810][I][main.cpp:79] loop(): [main] LEDS: 1
16:47:33.539 > [  3816][I][main.cpp:83] loop(): [main] ADC Values (mV):
16:47:33.539 > [  3821][I][main.cpp:84] loop(): [main] 1k_A: 1615
16:47:33.539 > [  3829][I][main.cpp:85] loop(): [main] 1k_B: 1613
16:47:33.539 > [  3837][I][main.cpp:86] loop(): [main] 1k_C: 1616
16:47:33.539 > [  3845][I][main.cpp:87] loop(): [main] 1k_D: 1620
16:47:33.539 > [  3853][I][main.cpp:88] loop(): [main] 1k_E: 1619
16:47:33.539 > [  3861][I][main.cpp:89] loop(): [main] 1k_F: 1620
16:47:33.539 > [  3869][I][main.cpp:90] loop(): [main] PD_A: 1482
16:47:33.539 > [  3876][I][main.cpp:91] loop(): [main] PD_B: 1492
16:47:33.539 > [  3884][I][main.cpp:92] loop(): [main] PD_C: 1470
16:47:33.539 > [  3891][I][main.cpp:93] loop(): [main] Z_D: 0
16:47:33.539 > [  3898][I][main.cpp:94] loop(): [main] Z_E: 0
16:47:33.539 > [  3905][I][main.cpp:95] loop(): [main] Z_F: 3300
16:47:33.539 > [  3912][I][main.cpp:102] loop(): [main] Currents (µA) - +12V: 0, +5V: 3360, -12V: 0
16:47:33.539 > [  3927][I][main.cpp:108] loop(): [main] Power rails - +12: 0 +5: 0 -12: 0
16:47:33.539 > 
16:47:33.539 > 
16:47:33.539 > 
16:47:33.539 > 
16:47:33.539 > 
16:47:33.539 > 
16:47:33.539 > 
16:47:33.539 > 
16:47:33.539 > 
16:47:33.539 > 
16:47:33.539 > ================
16:47:33.539 > [  3988][I][main.cpp:79] loop(): [main] LEDS: 0
16:47:33.540 > [  3994][I][main.cpp:83] loop(): [main] ADC Values (mV):
16:47:33.540 > [  3999][I][main.cpp:84] loop(): [main] 1k_A: 1618
16:47:33.540 > [  4007][I][main.cpp:85] loop(): [main] 1k_B: 1615
16:47:33.540 > [  4015][I][main.cpp:86] loop(): [main] 1k_C: 1615
16:47:33.540 > [  4023][I][main.cpp:87] loop(): [main] 1k_D: 1623
16:47:33.541 > [  4031][I][main.cpp:88] loop(): [main] 1k_E: 1618
16:47:33.541 > [  4039][I][main.cpp:89] loop(): [main] 1k_F: 1618
16:47:33.541 > [  4047][I][main.cpp:90] loop(): [main] PD_A: 1481
16:47:33.541 > [  4054][I][main.cpp:91] loop(): [main] PD_B: 1488
16:47:33.541 > [  4062][I][main.cpp:92] loop(): [main] PD_C: 1469
16:47:33.541 > [  4069][I][main.cpp:93] loop(): [main] Z_D: 0
16:47:33.541 > [  4076][I][main.cpp:94] loop(): [maFn: 1620
16:47:33.543 > [  4581][I][main.cpp:90] loop(): [main] PD_A: 1492
16:47:33.551 > [  4588][I][main.cpp:91] loop(): [main] PD_B: 1481
16:47:33.558 > [  4596][I][main.cpp:92] loop(): [main] PD_C: 1490
16:47:33.565 > [  4603][I][main.cpp:93] loop(): [main] Z_D: 0
16:47:33.572 > [  4610][I][main.cpp:94] loop(): [main] Z_E: 0
16:47:33.579 > [  4617][I][main.cpp:95] loop(): [main] Z_F: 3300
16:47:33.591 > [  4624][I][main.cpp:102] loop(): [main] Currents (µA) - +12V: 0, +5V: 3910, -12V: 0
16:47:33.600 > [  4639][I][main.cpp:108] loop(): [main] Power rails - +12: 0 +5: 0 -12: 0
16:47:33.657 > 
16:47:33.658 > 
16:47:33.658 > 
16:47:33.658 > 
16:47:33.658 > 
16:47:33.658 > 
16:47:33.658 > 
16:47:33.658 > 
16:47:33.658 > 
16:47:33.658 > 
16:47:33.658 > ================
16:47:33.661 > [  4700][I][main.cpp:79] loop(): [main] LEDS: 0
16:47:33.665 > [  4706][I][main.cpp:83] loop(): [main] ADC Values (mV):
16:47:33.674 > [  4711][I][main.cpp:84] loop(): [main] 1k_A: 1616
16:47:33.682 > [  4719][I][main.cpp:85] loop(): [main] 1k_B: 1616
16:47:33.690 > [  4727][I][main.cpp:86] loop(): [main] 1k_C: 1619
16:47:33.698 > [  4735][I][main.cpp:87] loop(): [main] 1k_D: 1622
16:47:33.706 > [  4743][I][main.cpp:88] loop(): [main] 1k_E: 1620
16:47:33.714 > [  4751][I][main.cpp:89] loop(): [main] 1k_F: 1620
16:47:33.721 > [  4759][I][main.cpp:90] loop(): [main] PD_A: 1497
16:47:33.729 > [  4766][I][main.cpp:91] loop(): [main] PD_B: 1482
16:47:33.736 > [  4774][I][main.cpp:92] loop(): [main] PD_C: 1471
16:47:33.743 > [  4781][I][main.cpp:93] loop(): [main] Z_D: 0
16:47:33.750 > [  4788][I][main.cpp:94] loop(): [main] Z_E: 0
16:47:33.757 > [  4795][I][main.cpp:95] loop(): [main] Z_F: 3300
16:47:33.769 > [  4802][I][main.cpp:102] loop(): [main] Currents (µA) - +12V: 0, +5V: 0, -12V: 0
16:47:33.778 > [  4817][I][main.cpp:108] loop(): [main] Power rails - +12: 0 +5: 0 -12: 0
16:47:33.835 > 
16:47:33.836 > 
16:47:33.836 > 
16:47:33.836 > 
16:47:33.836 > 
16:47:33.836 > 
16:47:33.836 > 
16:47:33.836 > 
16:47:33.836 > 
16:47:33.836 > 
16:47:33.836 > ================
16:47:33.838 > [  4878][I][main.cpp:79] loop(): [main] LEDS: 1
16:47:33.843 > [  4884][I][main.cpp:83] loop(): [main] ADC Values (mV):
16:47:33.852 > [  4889][I][main.cpp:84] loop(): [main] 1k_A: 1617
16:47:33.860 > [  4897][I][main.cpp:85] loop(): [main] 1k_B: 1615
16:47:33.868 > [  4905][I][main.cpp:86] loop(): [main] 1k_C: 1618
16:47:33.876 > [  4913][I][main.cpp:87] loop(): [main] 1k_D: 1622
16:47:33.884 > [  4921][I][main.cpp:88] loop(): [main] 1k_E: 1619
16:47:33.892 > [  4929][I][main.cpp:89] loop(): [main] 1k_F: 1620
16:47:33.899 > [  4937][I][main.cpp:90] loop(): [main] PD_A: 1496
16:47:33.906 > [  4944][I][main.cpp:91] loop(): [main] PD_B: 1481
16:47:33.914 > [  4952][I][main.cpp:92] loop(): [main] PD_C: 1467
16:47:33.921 > [  4959][I][main.cpp:93] loop(): [main] Z_D: 0
16:47:33.928 > [  4966][I][main.cpp:94] loop(): [main] Z_E: 0
16:47:33.935 > [  4973][I][main.cpp:95] loop(): [main] Z_F: 3300
16:47:33.954 > [  4980][I][main.cpp:102] loop(): [main] Currents (µA) - +12V: 0, +5V: 4560, -12V: 0
16:47:33.956 > [  4995][I][main.cpp:108] loop(): [main] Power rails - +12: 0 +5: 0 -12: 0
16:47:34.013 > 
16:47:34.013 > 
16:47:34.013 > 
16:47:34.014 > 
16:47:34.014 > 
16:47:34.014 > 
16:47:34.014 > 
16:47:34.014 > 
16:47:34.014 > 
16:47:34.014 > 
16:47:34.014 > ================
16:47:34.017 > [  5056][I][main.cpp:79] loop(): [main] LEDS: 0
16:47:34.021 > [  5062][I][main.cpp:83] loop(): [main] ADC Values (mV):
16:47:34.030 > [  5067][I][main.cpp:84] loop(): [main] 1k_A: 1617
16:47:34.038 > [  5075][I][main.cpp:85] loop(): [main] 1k_B: 1614
16:47:34.047 > [  5083][I][main.cpp:86] loop(): [main] 1k_C: 1617
16:47:34.054 > [  5091][I][main.cpp:87] loop(): [main] 1k_D: 1620
16:47:34.062 > [  5099][I][main.cpp:88] loop(): [main] 1k_E: 1619
16:47:34.070 > [  5107][I][main.cpp:89] loop(): [main] 1k_F: 1620
16:47:34.077 > [  5115][I][main.cpp:90] loop(): [main] PD_A: 1490
16:47:34.084 > [  5122][I][main.cpp:91] loop(): [main] PD_B: 1481
16:47:34.092 > [  5130][I][main.cpp:92] loop(): [main] PD_C: 1469
16:47:34.099 > [  5137][I][main.cpp:93] loop(): [main] Z_D: 0
16:47:34.106 > [  5144][I][main.cpp:94] loop(): [main] Z_E: 0
16:47:34.113 > [  5151][I][main.cpp:95] loop(): [main] Z_F: 3300
16:47:34.125 > [  5158][I][main.cpp:102] loop(): [main] Currents (µA) - +12V: 0, +5V: 0, -12V: 0
16:47:34.134 > [  5173][I][main.cpp:108] loop(): [main] Power rails - +12: 0 +5: 0 -12: 0
16:47:34.191 > 
16:47:34.192 > 
16:47:34.193 > 
16:47:34.193 > 
16:47:34.193 > 
16:47:34.193 > 
16:47:34.193 > 
16:47:34.193 > 
16:47:34.193 > 
16:47:34.193 > 
16:47:34.193 > ================
16:47:34.195 > [  5234][I][main.cpp:79] loop(): [main] LEDS: 1
16:47:34.199 > [  5240][I][main.cpp:83] loop(): [main] ADC Values (mV):
16:47:34.208 > [  5245][I][main.cpp:84] loop(): [main] 1k_A: 1618
16:47:34.216 > [  5253][I][main.cpp:85] loop(): [main] 1k_B: 1615
16:47:34.224 > [  5261][I][main.cpp:86] loop(): [main] 1k_C: 1617
16:47:34.232 > [  5269][I][main.cpp:87] loop(): [main] 1k_D: 1622
16:47:34.240 > [  5277][I][main.cpp:88] loop(): [main] 1k_E: 1620
16:47:34.248 > [  5285][I][main.cpp:89] loop(): [main] 1k_F: 1622
16:47:34.255 > [  5293][I][main.cpp:90] loop(): [main] PD_A: 1481
16:47:34.262 > [  5300][I][main.cpp:91] loop(): [main] PD_B: 1498
16:47:34.270 > [  5308][I][main.cpp:92] loop(): [main] PD_C: 1472
16:47:34.277 > [  5315][I][main.cpp:93] loop(): [main] Z_D: 0
16:47:34.284 > [  5322][I][main.cpp:94] loop(): [main] Z_E: 0
16:47:34.291 > [  5329][I][main.cpp:95] loop(): [main] Z_F: 3300
16:47:34.303 > [  5336][I][main.cpp:102] loop(): [main] Currents (µA) - +12V: 0, +5V: 5110, -12V: 0
16:47:34.312 > [  5351][I][main.cpp:108] loop(): [main] Power rails - +12: 0 +5: 0 -12: 0
16:47:34.369 > 
16:47:34.370 > 
16:47:34.370 > 
16:47:34.370 > 
16:47:34.370 > 
16:47:34.370 > 
16:47:34.370 > 
16:47:34.370 > 
16:47:34.370 > 
16:47:34.370 > 
16:47:34.370 > ================
16:47:34.372 > [  5412][I][main.cpp:79] loop(): [main] LEDS: 0
16:47:34.377 > [  5418][I][main.cpp:83] loop(): [main] ADC Values (mV):
16:47:34.386 > [  5423][I][main.cpp:84] loop(): [main] 1k_A: 1617
16:47:34.394 > [  5431][I][main.cpp:85] loop(): [main] 1k_B: 1614
16:47:34.402 > [  5439][I][main.cpp:86] loop(): [main] 1k_C: 1617
16:47:34.410 > [  5447][I][main.cpp:87] loop(): [main] 1k_D: 1622
16:47:34.418 > [  5455][I][main.cpp:88] loop(): [main] 1k_E: 1620
16:47:34.426 > [  5463][I][main.cpp:89] loop(): [main] 1k_F: 1620
16:47:34.433 > [  5471][I][main.cpp:90] loop(): [main] PD_A: 1478
16:47:34.440 > [  5478][I][main.cpp:91] loop(): [main] PD_B: 1499
16:47:34.448 > [  5486][I][main.cpp:92] loop(): [main] PD_C: 1471
16:47:34.455 > [  5493][I][main.cpp:93] loop(): [main] Z_D: 0
16:47:34.462 > [  5500][I][main.cpp:94] loop(): [main] Z_E: 0
16:47:34.469 > [  5507][I][main.cpp:95] loop(): [main] Z_F: 3300
16:47:34.481 > [  5514][I][main.cpp:102] loop(): [main] Currents (µA) - +12V: 0, +5V: 0, -12V: 0
16:47:34.490 > [  5529][I][main.cpp:108] loop(): [main] Power rails - +12: 0 +5: 0 -12: 0
16:47:34.547 > 
16:47:34.547 > 
16:47:34.547 > 
16:47:34.548 > 
16:47:34.548 > 
16:47:34.548 > 
16:47:34.548 > 
16:47:34.548 > 
16:47:34.548 > 
16:47:34.548 > 
16:47:34.548 > ================
16:47:34.550 > [  5590][I][main.cpp:79] loop(): [main] LEDS: 1
16:47:34.555 > [  5596][I][main.cpp:83] loop(): [main] ADC Values (mV):
16:47:34.564 > [  5601][I][main.cpp:84] loop(): [main] 1k_A: 1618
16:47:34.572 > [  5609][I][main.cpp:85] loop(): [main] 1k_B: 1615
16:47:34.580 > [  5617][I][main.cpp:86] loop(): [main] 1k_C: 1617
16:47:34.588 > [  5625][I][main.cpp:87] loop(): [main] 1k_D: 1622
16:47:34.596 > [  5633][I][main.cpp:88] loop(): [main] 1k_E: 1620
16:47:34.604 > [  5641][I][main.cpp:89] loop(): [main] 1k_F: 1620
16:47:34.611 > [  5649][I][main.cpp:90] loop(): [main] PD_A: 1482
16:47:34.618 > [  5656][I][main.cpp:91] loop(): [main] PD_B: 1496
16:47:34.625 > [  5664][I][main.cpp:92] loop(): [main] PD_C: 1471
16:47:34.633 > [  5671][I][main.cpp:93] loop(): [main] Z_D: 0
16:47:34.640 > [  5678][I][main.cpp:94] loop(): [main] Z_E: 0
16:47:34.647 > [  5685][I][main.cpp:95] loop(): [main] Z_F: 3300
16:47:34.659 > [  5692][I][main.cpp:102] loop(): [main] Currents (µA) - +12V: 0, +5V: 3860, -12V: 0
16:47:34.668 > [  5707][I][main.cpp:108] loop(): [main] Power rails - +12: 0 +5: 0 -12: 0
16:47:34.725 > 
16:47:34.726 > 
16:47:34.726 > 
16:47:34.726 > 
16:47:34.727 > 
16:47:34.727 > 
16:47:34.727 > 
16:47:34.727 > 
16:47:34.727 > 
16:47:34.727 > 
16:47:34.727 > ================
16:47:34.729 > [  5768][I][main.cpp:79] loop(): [main] LEDS: 0
16:47:34.734 > [  5774][I][main.cpp:83] loop(): [main] ADC Values (mV):
16:47:34.742 > [  5779][I][main.cpp:84] loop(): [main] 1k_A: 1617
16:47:34.750 > [  5787][I][main.cpp:85] loop(): [main] 1k_B: 1615
16:47:34.758 > [  5795][I][main.cpp:86] loop(): [main] 1k_C: 1617
16:47:34.767 > [  5803][I][main.cpp:87] loop(): [main] 1k_D: 1623
16:47:34.774 > [  5811][I][main.cpp:88] loop(): [main] 1k_E: 1621
16:47:34.782 > [  5819][I][main.cpp:89] loop(): [main] 1k_F: 1620
16:47:34.789 > [  5827][I][main.cpp:90] loop(): [main] PD_A: 1481
16:47:34.796 > [  5834][I][main.cpp:91] loop(): [main] PD_B: 1486
16:47:34.804 > [  5842][I][main.cpp:92] loop(): [main] PD_C: 1482
16:47:34.811 > [  5849][I][main.cpp:93] loop(): [main] Z_D: 0
16:47:34.818 > [  5856][I][main.cpp:94] loop(): [main] Z_E: 0
16:47:34.825 > [  5863][I][main.cpp:95] loop(): [main] Z_F: 3300
16:47:34.837 > [  5870][I][main.cpp:102] loop(): [main] Currents (µA) - +12V: 0, +5V: 0, -12V: 40
16:47:34.846 > [  5885][I][main.cpp:108] loop(): [main] Power rails - +12: 0 +5: 0 -12: 0
16:47:34.903 > 
16:47:34.903 > 
16:47:34.903 > 
16:47:34.904 > 
16:47:34.904 > 
16:47:34.904 > 
16:47:34.904 > 
16:47:34.904 > 
16:47:34.904 > 
16:47:34.904 > 
16:47:34.904 > ================
16:47:34.906 > [  5946][I][main.cpp:79] loop(): [main] LEDS: 1
16:47:34.911 > [  5952][I][main.cpp:83] loop(): [main] ADC Values (mV):
16:47:34.920 > [  5957][I][main.cpp:84] loop(): [main] 1k_A: 1618
16:47:34.928 > [  5965][I][main.cpp:85] loop(): [main] 1k_B: 1614
16:47:34.936 > [  5973][I][main.cpp:86] loop(): [main] 1k_C: 1616
16:47:34.944 > [  5981][I][main.cpp:87] loop(): [main] 1k_D: 1622
16:47:34.952 > [  5989][I][main.cpp:88] loop(): [main] 1k_E: 1620
16:47:34.960 > [  5997][I][main.cpp:89] loop(): [main] 1k_F: 1621
16:47:34.967 > [  6005][I][main.cpp:90] loop(): [main] PD_A: 1482
16:47:34.974 > [  6012][I][main.cpp:91] loop(): [main] PD_B: 1478
16:47:34.982 > [  6020][I][main.cpp:92] loop(): [main] PD_C: 1494
16:47:34.989 > [  6027][I][main.cpp:93] loop(): [main] Z_D: 0
16:47:34.996 > [  6034][I][main.cpp:94] loop(): [main] Z_E: 0
16:47:35.003 > [  6041][I][main.cpp:95] loop(): [main] Z_F: 3300
16:47:35.015 > [  6048][I][main.cpp:102] loop(): [main] Currents (µA) - +12V: 0, +5V: 4210, -12V: 40
16:47:35.024 > [  6063][I][main.cpp:108] loop(): [main] Power rails - +12: 0 +5: 0 -12: 0
16:47:35.081 > 
16:47:35.081 > 
16:47:35.081 > 
16:47:35.082 > 
16:47:35.082 > 
16:47:35.082 > 
16:47:35.082 > 
16:47:35.082 > 
16:47:35.082 > 
16:47:35.082 > 
16:47:35.082 > ================
16:47:35.084 > [  6124][I][main.cpp:79] loop(): [main] LEDS: 0
16:47:35.089 > [  6130][I][main.cpp:83] loop(): [main] ADC Values (mV):
16:47:35.098 > [  6135][I][main.cpp:84] loop(): [main] 1k_A: 1617
16:47:35.106 > [  6143][I][main.cpp:85] loop(): [main] 1k_B: 1616
16:47:35.114 > [  6151][I][main.cpp:86] loop(): [main] 1k_C: 1618
16:47:35.122 > [  6159][I][main.cpp:87] loop(): [main] 1k_D: 1621
16:47:35.130 > [  6167][I][main.cpp:88] loop(): [main] 1k_E: 1619
16:47:35.138 > [  6175][I][main.cpp:89] loop(): [main] 1k_F: 1620
16:47:35.145 > [  6183][I][main.cpp:90] loop(): [main] PD_A: 1480
16:47:35.152 > [  6190][I][main.cpp:91] loop(): [main] PD_B: 1480
16:47:35.160 > [  6198][I][main.cpp:92] loop(): [main] PD_C: 1493
16:47:35.167 > [  6205][I][main.cpp:93] loop(): [main] Z_D: 0
16:47:35.174 > [  6212][I][main.cpp:94] loop(): [main] Z_E: 0
16:47:35.181 > [  6219][I][main.cpp:95] loop(): [main] Z_F: 3300
16:47:35.193 > [  6226][I][main.cpp:102] loop(): [main] Currents (µA) - +12V: 0, +5V: 0, -12V: 40
16:47:35.202 > [  6241][I][main.cpp:108] loop(): [main] Power rails - +12: 0 +5: 0 -12: 0
16:47:35.259 > 
16:47:35.259 > 
16:47:35.259 > 
16:47:35.260 > 
16:47:35.260 > 
16:47:35.260 > 
16:47:35.260 > 
16:47:35.260 > 
16:47:35.260 > 
16:47:35.260 > 
16:47:35.260 > ================
16:47:35.262 > [  6302][I][main.cpp:79] loop(): [main] LEDS: 1
16:47:35.267 > [  6308][I][main.cpp:83] loop(): [main] ADC Values (mV):
16:47:35.276 > [  6313][I][main.cpp:84] loop(): [main] 1k_A: 1617
16:47:35.284 > [  6321][I][main.cpp:85] loop(): [main] 1k_B: 1614
16:47:35.292 > [  6329][I][main.cpp:86] loop(): [main] 1k_C: 1616
16:47:35.300 > [  6337][I][main.cpp:87] loop(): [main] 1k_D: 1623
16:47:35.308 > [  6345][I][main.cpp:88] loop(): [main] 1k_E: 1620
16:47:35.316 > [  6353][I][main.cpp:89] loop(): [main] 1k_F: 1620
16:47:35.323 > [  6361][I][main.cpp:90] loop(): [main] PD_A: 1489
16:47:35.330 > [  6368][I][main.cpp:91] loop(): [main] PD_B: 1482
16:47:35.338 > [  6376][I][main.cpp:92] loop(): [main] PD_C: 1486
16:47:35.345 > [  6383][I][main.cpp:93] loop(): [main] Z_D: 0
16:47:35.352 > [  6390][I][main.cpp:94] loop(): [main] Z_E: 0
16:47:35.359 > [  6397][I][main.cpp:95] loop(): [main] Z_F: 3300
16:47:35.371 > [  6404][I][main.cpp:102] loop(): [main] Currents (µA) - +12V: 0, +5V: 3110, -12V: 40
16:47:35.380 > [  6419][I][main.cpp:108] loop(): [main] Power rails - +12: 0 +5: 0 -12: 0
16:47:35.437 > 
16:47:35.437 > 
16:47:35.437 > 
16:47:35.438 > 
16:47:35.438 > 
16:47:35.438 > 
16:47:35.438 > 
16:47:35.438 > 
16:47:35.438 > 
16:47:35.438 > 
16:47:35.438 > ================
16:47:35.440 > [  6480][I][main.cpp:79] loop(): [main] LEDS: 0
16:47:35.445 > [  6486][I][main.cpp:83] loop(): [main] ADC Values (mV):
16:47:35.454 > [  6491][I][main.cpp:84] loop(): [main] 1k_A: 1617
16:47:35.462 > [  6499][I][main.cpp:85] loop(): [main] 1k_B: 1615
16:47:35.470 > [  6507][I][main.cpp:86] loop(): [main] 1k_C: 1617
16:47:35.478 > [  6515][I][main.cpp:87] loop(): [main] 1k_D: 1621
16:47:35.486 > [  6523][I][main.cpp:88] loop(): [main] 1k_E: 1621
16:47:35.494 > [  6531][I][main.cpp:89] loop(): [main] 1k_F: 1621
16:47:35.501 > [  6539][I][main.cpp:90] loop(): [main] PD_A: 1496
16:47:35.508 > [  6546][I][main.cpp:91] loop(): [main] PD_B: 1481
16:47:35.516 > [  6554][I][main.cpp:92] loop(): [main] PD_C: 1472
16:47:35.523 > [  6561][I][main.cpp:93] loop(): [main] Z_D: 0
16:47:35.530 > [  6568][I][main.cpp:94] loop(): [main] Z_E: 0
16:47:35.537 > [  6575][I][main.cpp:95] loop(): [main] Z_F: 3300
16:47:35.549 > [  6582][I][main.cpp:102] loop(): [main] Currents (µA) - +12V: 0, +5V: 0, -12V: 0
16:47:35.558 > [  6597][I][main.cpp:108] loop(): [main] Power rails - +12: 0 +5: 0 -12: 0
16:47:35.615 > 
16:47:35.615 > 
16:47:35.615 > 
16:47:35.616 > 
16:47:35.616 > 
16:47:35.616 > 
16:47:35.616 > 
16:47:35.616 > 
16:47:35.616 > 
16:47:35.616 > 
16:47:35.616 > ================
16:47:35.619 > [  6658][I][main.cpp:79] loop(): [main] LEDS: 1
16:47:35.623 > [  6664][I][main.cpp:83] loop(): [main] ADC Values (mV):
16:47:35.632 > [  6669][I][main.cpp:84] loop(): [main] 1k_A: 1617
16:47:35.640 > [  6677][I][main.cpp:85] loop(): [main] 1k_B: 1615
16:47:35.648 > [  6685][I][main.cpp:86] loop(): [main] 1k_C: 1617
16:47:35.656 > [  6693][I][main.cpp:87] loop(): [main] 1k_D: 1622
16:47:35.664 > [  6701][I][main.cpp:88] loop(): [main] 1k_E: 1620
16:47:35.672 > [  6709][I][main.cpp:89] loop(): [main] 1k_F: 1619
16:47:35.679 > [  6717][I][main.cpp:90] loop(): [main] PD_A: 1495
16:47:35.686 > [  6724][I][main.cpp:91] loop(): [main] PD_B: 1481
16:47:35.694 > [  6732][I][main.cpp:92] loop(): [main] PD_C: 1467
16:47:35.701 > [  6739][I][main.cpp:93] loop(): [main] Z_D: 0
16:47:35.708 > [  6746][I][main.cpp:94] loop(): [main] Z_E: 0
16:47:35.715 > [  6753][I][main.cpp:95] loop(): [main] Z_F: 3300
16:47:35.727 > [  6760][I][main.cpp:102] loop(): [main] Currents (µA) - +12V: 0, +5V: 3160, -12V: 0
16:47:35.736 > [  6775][I][main.cpp:108] loop(): [main] Power rails - +12: 0 +5: 0 -12: 0
16:47:35.793 > 
16:47:35.793 > 
16:47:35.793 > 
16:47:35.793 > 
16:47:35.794 > 
16:47:35.795 > 
16:47:35.795 > 
16:47:35.795 > 
16:47:35.795 > 
16:47:35.795 > 
16:47:35.795 > ================
16:47:35.796 > [  6836][I][main.cpp:79] loop(): [main] LEDS: 0
16:47:35.801 > [  6842][I][main.cpp:83] loop(): [main] ADC Values (mV):
16:47:35.810 > [  6847][I][main.cpp:84] loop(): [main] 1k_A: 1618
16:47:35.818 > [  6855][I][main.cpp:85] loop(): [main] 1k_B: 1615
16:47:35.826 > [  6863][I][main.cpp:86] loop(): [main] 1k_C: 1618
16:47:35.834 > [  6871][I][main.cpp:87] loop(): [main] 1k_D: 1621
16:47:35.842 > [  6879][I][main.cpp:88] loop(): [main] 1k_E: 1621
16:47:35.850 > [  6887][I][main.cpp:89] loop(): [main] 1k_F: 1620
16:47:35.857 > [  6895][I][main.cpp:90] loop(): [main] PD_A: 1490
16:47:35.864 > [  6902][I][main.cpp:91] loop(): [main] PD_B: 1482
16:47:35.872 > [  6910][I][main.cpp:92] loop(): [main] PD_C: 1469
16:47:35.879 > [  6917][I][main.cpp:93] loop(): [main] Z_D: 0
16:47:35.886 > [  6924][I][main.cpp:94] loop(): [main] Z_E: 0
16:47:35.893 > [  6931][I][main.cpp:95] loop(): [main] Z_F: 3300
16:47:35.905 > [  6938][I][main.cpp:102] loop(): [main] Currents (µA) - +12V: 0, +5V: 0, -12V: 0
16:47:35.914 > [  6953][I][main.cpp:108] loop(): [main] Power rails - +12: 0 +5: 0 -12: 0
16:47:35.971 > 
16:47:35.972 > 
16:47:35.972 > 
16:47:35.972 > 
16:47:35.972 > 
16:47:35.972 > 
16:47:35.972 > 
16:47:35.972 > 
16:47:35.972 > 
16:47:35.972 > 
16:47:35.972 > ================
16:47:35.974 > [  7014][I][main.cpp:79] loop(): [main] LEDS: 1
16:47:35.979 > [  7020][I][main.cpp:83] loop(): [main] ADC Values (mV):
16:47:35.988 > [  7025][I][main.cpp:84] loop(): [main] 1k_A: 1618
16:47:35.996 > [  7033][I][main.cpp:85] loop(): [main] 1k_B: 1615
16:47:36.004 > [  7041][I][main.cpp:86] loop(): [main] 1k_C: 1617
16:47:36.012 > [  7049][I][main.cpp:87] loop(): [main] 1k_D: 1622
16:47:36.020 > [  7057][I][main.cpp:88] loop(): [main] 1k_E: 1620
16:47:36.028 > [  7065][I][main.cpp:89] loop(): [main] 1k_F: 1620
16:47:36.035 > [  7073][I][main.cpp:90] loop(): [main] PD_A: 1481
16:47:36.042 > [  7080][I][main.cpp:91] loop(): [main] PD_B: 1496
16:47:36.050 > [  7088][I][main.cpp:92] loop(): [main] PD_C: 1474
16:47:36.057 > [  7095][I][main.cpp:93] loop(): [main] Z_D: 0
16:47:36.064 > [  7102][I][main.cpp:94] loop(): [main] Z_E: 0
16:47:36.071 > [  7109][I][main.cpp:95] loop(): [main] Z_F: 3300
16:47:36.083 > [  7116][I][main.cpp:102] loop(): [main] Currents (µA) - +12V: 0, +5V: 3860, -12V: 0
16:47:36.092 > [  7131][I][main.cpp:108] loop(): [main] Power rails - +12: 0 +5: 0 -12: 0
16:47:36.149 > 
16:47:36.149 > 
16:47:36.149 > 
16:47:36.153 > 
16:47:36.153 > 
16:47:36.153 > 
16:47:36.153 > 
16:47:36.153 > 
16:47:36.153 > 
16:47:36.153 > 
16:47:36.153 > ================
16:47:36.153 > [  7192][I][main.cpp:79] loop(): [main] LEDS: 0
16:47:36.157 > [  7198][I][main.cpp:83] loop(): [main] ADC Values (mV):
16:47:36.166 > [  7203][I][main.cpp:84] loop(): [main] 1k_A: 1617
16:47:36.174 > [  7211][I][main.cpp:85] loop(): [main] 1k_B: 1616
16:47:36.182 > [  7219][I][main.cpp:86] loop(): [main] 1k_C: 1617
16:47:36.190 > [  7227][I][main.cpp:87] loop(): [main] 1k_D: 1621
16:47:36.198 > [  7235][I][main.cpp:88] loop(): [main] 1k_E: 1620
16:47:36.206 > [  7243][I][main.cpp:89] loop(): [main] 1k_F: 1620
16:47:36.213 > [  7251][I][main.cpp:90] loop(): [main] PD_A: 1477
16:47:36.220 > [  7258][I][main.cpp:91] loop(): [main] PD_B: 1501
16:47:36.228 > [  7266][I][main.cpp:92] loop(): [main] PD_C: 1471
16:47:36.235 > [  7273][I][main.cpp:93] loop(): [main] Z_D: 0
16:47:36.242 > [  7280][I][main.cpp:94] loop(): [main] Z_E: 0
16:47:36.249 > [  7287][I][main.cpp:95] loop(): [main] Z_F: 3300
16:47:36.261 > [  7294][I][main.cpp:102] loop(): [main] Currents (µA) - +12V: 45, +5V: 0, -12V: 0
16:47:36.270 > [  7309][I][main.cpp:108] loop(): [main] Power rails - +12: 0 +5: 0 -12: 0
16:47:36.327 > 
16:47:36.327 > 
16:47:36.327 > 
16:47:36.327 > 
16:47:36.328 > 
16:47:36.329 > 
16:47:36.329 > 
16:47:36.329 > 
16:47:36.329 > 
16:47:36.329 > 
16:47:36.329 > ================
16:47:36.331 > [  7370][I][main.cpp:79] loop(): [main] LEDS: 1
16:47:36.335 > [  7376][I][main.cpp:83] loop(): [main] ADC Values (mV):
16:47:36.344 > [  7381][I][main.cpp:84] loop(): [main] 1k_A: 1617
16:47:36.352 > [  7389][I][main.cpp:85] loop(): [main] 1k_B: 1615
16:47:36.360 > [  7397][I][main.cpp:86] loop(): [main] 1k_C: 1617
16:47:36.368 > [  7405][I][main.cpp:87] loop(): [main] 1k_D: 1621
16:47:36.376 > [  7413][I][main.cpp:88] loop(): [main] 1k_E: 1620
16:47:36.384 > [  7421][I][main.cpp:89] loop(): [main] 1k_F: 1620
16:47:36.391 > [  7429][I][main.cpp:90] loop(): [main] PD_A: 1482
16:47:36.398 > [  7436][I][main.cpp:91] loop(): [main] PD_B: 1497
16:47:36.406 > [  7444][I][main.cpp:92] loop(): [main] PD_C: 1473
16:47:36.413 > [  7451][I][main.cpp:93] loop(): [main] Z_D: 0
16:47:36.420 > [  7458][I][main.cpp:94] loop(): [main] Z_E: 0
16:47:36.427 > [  7465][I][main.cpp:95] loop(): [main] Z_F: 3300
16:47:36.439 > [  7472][I][main.cpp:102] loop(): [main] Currents (µA) - +12V: 0, +5V: 3360, -12V: 0
16:47:36.448 > [  7487][I][main.cpp:108] loop(): [main] Power rails - +12: 0 +5: 0 -12: 0
16:47:36.505 > 
16:47:36.505 > 
16:47:36.505 > 
16:47:36.505 > 
16:47:36.506 > 
16:47:36.506 > 
16:47:36.506 > 
16:47:36.506 > 
16:47:36.506 > 
16:47:36.506 > 
16:47:36.506 > ================
16:47:36.508 > [  7548][I][main.cpp:79] loop(): [main] LEDS: 0
16:47:36.513 > [  7554][I][main.cpp:83] loop(): [main] ADC Values (mV):
16:47:36.522 > [  7559][I][main.cpp:84] loop(): [main] 1k_A: 1617
16:47:36.530 > [  7567][I][main.cpp:85] loop(): [main] 1k_B: 1615
16:47:36.538 > [  7575][I][main.cpp:86] loop(): [main] 1k_C: 1617
16:47:36.546 > [  7583][I][main.cpp:87] loop(): [main] 1k_D: 1622
16:47:36.554 > [  7591][I][main.cpp:88] loop(): [main] 1k_E: 1620
16:47:36.562 > [  7599][I][main.cpp:89] loop(): [main] 1k_F: 1622
16:47:36.569 > [  7607][I][main.cpp:90] loop(): [main] PD_A: 1481
16:47:36.576 > [  7614][I][main.cpp:91] loop(): [main] PD_B: 1487
16:47:36.584 > [  7622][I][main.cpp:92] loop(): [main] PD_C: 1481
16:47:36.591 > [  7629][I][main.cpp:93] loop(): [main] Z_D: 0
16:47:36.598 > [  7636][I][main.cpp:94] loop(): [main] Z_E: 0
16:47:36.605 > [  7643][I][main.cpp:95] loop(): [main] Z_F: 3300
16:47:36.617 > [  7650][I][main.cpp:102] loop(): [main] Currents (µA) - +12V: 0, +5V: 0, -12V: 0
16:47:36.626 > [  7665][I][main.cpp:108] loop(): [main] Power rails - +12: 0 +5: 0 -12: 0
16:47:36.683 > 
16:47:36.683 > 
16:47:36.683 > 
16:47:36.684 > 
16:47:36.685 > 
16:47:36.685 > 
16:47:36.685 > 
16:47:36.685 > 
16:47:36.685 > 
16:47:36.685 > 
16:47:36.685 > ================
16:47:36.686 > [  7726][I][main.cpp:79] loop(): [main] LEDS: 1
16:47:36.691 > [  7732][I][main.cpp:83] loop(): [main] ADC Values (mV):
16:47:36.700 > [  7737][I][main.cpp:84] loop(): [main] 1k_A: 1617
16:47:36.708 > [  7745][I][main.cpp:85] loop(): [main] 1k_B: 1615
16:47:36.716 > [  7753][I][main.cpp:86] loop(): [main] 1k_C: 1618
16:47:36.724 > [  7761][I][main.cpp:87] loop(): [main] 1k_D: 1621
16:47:36.732 > [  7769][I][main.cpp:88] loop(): [main] 1k_E: 1619
16:47:36.740 > [  7777][I][main.cpp:89] loop(): [main] 1k_F: 1621
16:47:36.747 > [  7785][I][main.cpp:90] loop(): [main] PD_A: 1482
16:47:36.754 > [  7792][I][main.cpp:91] loop(): [main] PD_B: 1479
16:47:36.762 > [  7800][I][main.cpp:92] loop(): [main] PD_C: 1494
16:47:36.769 > [  7807][I][main.cpp:93] loop(): [main] Z_D: 0
16:47:36.776 > [  7814][I][main.cpp:94] loop(): [main] Z_E: 0
16:47:36.783 > [  7821][I][main.cpp:95] loop(): [main] Z_F: 3300
16:47:36.795 > [  7828][I][main.cpp:102] loop(): [main] Currents (µA) - +12V: 0, +5V: 2660, -12V: 0
16:47:36.804 > [  7843][I][main.cpp:108] loop(): [main] Power rails - +12: 0 +5: 0 -12: 0
16:47:36.861 > 
16:47:36.862 > 
16:47:36.862 > 
16:47:36.862 > 
16:47:36.862 > 
16:47:36.863 > 
16:47:36.863 > 
16:47:36.863 > 
16:47:36.863 > 
16:47:36.863 > 
16:47:36.863 > ================
16:47:36.864 > [  7904][I][main.cpp:79] loop(): [main] LEDS: 0
16:47:36.869 > [  7910][I][main.cpp:83] loop(): [main] ADC Values (mV):
16:47:36.878 > [  7915][I][main.cpp:84] loop(): [main] 1k_A: 1616
16:47:36.886 > [  7923][I][main.cpp:85] loop(): [main] 1k_B: 1614
16:47:36.894 > [  7931][I][main.cpp:86] loop(): [main] 1k_C: 1617
16:47:36.902 > [  7939][I][main.cpp:87] loop(): [main] 1k_D: 1623
16:47:36.910 > [  7947][I][main.cpp:88] loop(): [main] 1k_E: 1621
16:47:36.918 > [  7955][I][main.cpp:89] loop(): [main] 1k_F: 1620
16:47:36.925 > [  7963][I][main.cpp:90] loop(): [main] PD_A: 1480
16:47:36.932 > [  7970][I][main.cpp:91] loop(): [main] PD_B: 1480
16:47:36.940 > [  7978][I][main.cpp:92] loop(): [main] PD_C: 1492
16:47:36.947 > [  7985][I][main.cpp:93] loop(): [main] Z_D: 0
16:47:36.954 > [  7992][I][main.cpp:94] loop(): [main] Z_E: 0
16:47:36.961 > [  7999][I][main.cpp:95] loop(): [main] Z_F: 3300
16:47:36.973 > [  8006][I][main.cpp:102] loop(): [main] Currents (µA) - +12V: 0, +5V: 510, -12V: 0
16:47:36.982 > [  8021][I][main.cpp:108] loop(): [main] Power rails - +12: 0 +5: 0 -12: 0
16:47:37.039 > 
16:47:37.039 > 
16:47:37.039 > 
16:47:37.039 > 
16:47:37.040 > 
16:47:37.041 > 
16:47:37.041 > 
16:47:37.041 > 
16:47:37.041 > 
16:47:37.041 > 
16:47:37.041 > ================
16:47:37.042 > [  8082][I][main.cpp:79] loop(): [main] LEDS: 1
16:47:37.047 > [  8088][I][main.cpp:83] loop(): [main] ADC Values (mV):
16:47:37.056 > [  8093][I][main.cpp:84] loop(): [main] 1k_A: 1617
16:47:37.064 > [  8101][I][main.cpp:85] loop(): [main] 1k_B: 1616
16:47:37.072 > [  8109][I][main.cpp:86] loop(): [main] 1k_C: 1620
16:47:37.080 > [  8117][I][main.cpp:87] loop(): [main] 1k_D: 1623
16:47:37.088 > [  8125][I][main.cpp:88] loop(): [main] 1k_E: 1619
16:47:37.096 > [  8133][I][main.cpp:89] loop(): [main] 1k_F: 1621
16:47:37.103 > [  8141][I][main.cpp:90] loop(): [main] PD_A: 1491
16:47:37.110 > [  8148][I][main.cpp:91] loop(): [main] PD_B: 1481
16:47:37.118 > [  8156][I][main.cpp:92] loop(): [main] PD_C: 1486
16:47:37.125 > [  8163][I][main.cpp:93] loop(): [main] Z_D: 0
16:47:37.132 > [  8170][I][main.cpp:94] loop(): [main] Z_E: 0
16:47:37.139 > [  8177][I][main.cpp:95] loop(): [main] Z_F: 3300
16:47:37.151 > [  8184][I][main.cpp:102] loop(): [main] Currents (µA) - +12V: 0, +5V: 3860, -12V: 0
16:47:37.160 > [  8199][I][main.cpp:108] loop(): [main] Power rails - +12: 0 +5: 0 -12: 0
16:47:37.217 > 
16:47:37.217 > 
16:47:37.217 > 
16:47:37.217 > 
16:47:37.218 > 
16:47:37.218 > 
16:47:37.218 > 
16:47:37.218 > 
16:47:37.218 > 
16:47:37.218 > 
16:47:37.218 > ================
16:47:37.220 > [  8260][I][main.cpp:79] loop(): [main] LEDS: 0
16:47:37.225 > [  8266][I][main.cpp:83] loop(): [main] ADC Values (mV):
16:47:37.234 > [  8271][I][main.cpp:84] loop(): [main] 1k_A: 1619
16:47:37.242 > [  8279][I][main.cpp:85] loop(): [main] 1k_B: 1615
16:47:37.250 > [  8287][I][main.cpp:86] loop(): [main] 1k_C: 1617
16:47:37.258 > [  8295][I][main.cpp:87] loop(): [main] 1k_D: 1622
16:47:37.266 > [  8303][I][main.cpp:88] loop(): [main] 1k_E: 1622
16:47:37.274 > [  8311][I][main.cpp:89] loop(): [main] 1k_F: 1620
16:47:37.281 > [  8319][I][main.cpp:90] loop(): [main] PD_A: 1497
16:47:37.288 > [  8326][I][main.cpp:91] loop(): [main] PD_B: 1481
16:47:37.296 > [  8334][I][main.cpp:92] loop(): [main] PD_C: 1471
16:47:37.303 > [  8341][I][main.cpp:93] loop(): [main] Z_D: 0
16:47:37.310 > [  8348][I][main.cpp:94] loop(): [main] Z_E: 0
16:47:37.317 > [  8355][I][main.cpp:95] loop(): [main] Z_F: 3300
16:47:37.329 > [  8362][I][main.cpp:102] loop(): [main] Currents (µA) - +12V: 0, +5V: 0, -12V: 0
16:47:37.338 > [  8377][I][main.cpp:108] loop(): [main] Power rails - +12: 0 +5: 0 -12: 0
16:47:37.395 > 
16:47:37.396 > 
16:47:37.396 > 
16:47:37.396 > 
16:47:37.396 > 
16:47:37.397 > 
16:47:37.397 > 
16:47:37.397 > 
16:47:37.397 > 
16:47:37.397 > 
16:47:37.397 > ================
16:47:37.398 > [  8438][I][main.cpp:79] loop(): [main] LEDS: 1
16:47:37.403 > [  8444][I][main.cpp:83] loop(): [main] ADC Values (mV):
16:47:37.412 > [  8449][I][main.cpp:84] loop(): [main] 1k_A: 1617
16:47:37.420 > [  8457][I][main.cpp:85] loop(): [main] 1k_B: 1616
16:47:37.428 > [  8465][I][main.cpp:86] loop(): [main] 1k_C: 1619
16:47:37.436 > [  8473][I][main.cpp:87] loop(): [main] 1k_D: 1623
16:47:37.444 > [  8481][I][main.cpp:88] loop(): [main] 1k_E: 1621
16:47:37.452 > [  8489][I][main.cpp:89] loop(): [main] 1k_F: 1620
16:47:37.459 > [  8497][I][main.cpp:90] loop(): [main] PD_A: 1495
16:47:37.466 > [  8504][I][main.cpp:91] loop(): [main] PD_B: 1482
16:47:37.474 > [  8512][I][main.cpp:92] loop(): [main] PD_C: 1469
16:47:37.481 > [  8519][I][main.cpp:93] loop(): [main] Z_D: 0
16:47:37.488 > [  8526][I][main.cpp:94] loop(): [main] Z_E: 0
16:47:37.495 > [  8533][I][main.cpp:95] loop(): [main] Z_F: 3300
16:47:37.507 > [  8540][I][main.cpp:102] loop(): [main] Currents (µA) - +12V: 0, +5V: 2810, -12V: 40
16:47:37.516 > [  8555][I][main.cpp:108] loop(): [main] Power rails - +12: 0 +5: 0 -12: 0
16:47:37.573 > 
16:47:37.574 > 
16:47:37.574 > 
16:47:37.574 > 
16:47:37.574 > 
16:47:37.574 > 
16:47:37.574 > 
16:47:37.574 > 
16:47:37.574 > 
16:47:37.574 > 
16:47:37.574 > ================
16:47:37.576 > [  8616][I][main.cpp:79] loop(): [main] LEDS: 0
16:47:37.581 > [  8622][I][main.cpp:83] loop(): [main] ADC Values (mV):
16:47:37.590 > [  8627][I][main.cpp:84] loop(): [main] 1k_A: 1617
16:47:37.598 > [  8635][I][main.cpp:85] loop(): [main] 1k_B: 1616
16:47:37.606 > [  8643][I][main.cpp:86] loop(): [main] 1k_C: 1617
16:47:37.614 > [  8651][I][main.cpp:87] loop(): [main] 1k_D: 1623
16:47:37.622 > [  8659][I][main.cpp:88] loop(): [main] 1k_E: 1619
16:47:37.630 > [  8667][I][main.cpp:89] loop(): [main] 1k_F: 1620
16:47:37.637 > [  8675][I][main.cpp:90] loop(): [main] PD_A: 1492
16:47:37.644 > [  8682][I][main.cpp:91] loop(): [main] PD_B: 1482
16:47:37.652 > [  8690][I][main.cpp:92] loop(): [main] PD_C: 1470
16:47:37.659 > [  8697][I][main.cpp:93] loop(): [main] Z_D: 0
16:47:37.666 > [  8704][I][main.cpp:94] loop(): [main] Z_E: 0
16:47:37.673 > [  8711][I][main.cpp:95] loop(): [main] Z_F: 3300
16:47:37.685 > [  8718][I][main.cpp:102] loop(): [main] Currents (µA) - +12V: 45, +5V: 0, -12V: 0
16:47:37.694 > [  8733][I][main.cpp:108] loop(): [main] Power rails - +12: 0 +5: 0 -12: 0
16:47:37.751 > 
16:47:37.751 > 
16:47:37.751 > 
16:47:37.751 > 
16:47:37.752 > 
16:47:37.752 > 
16:47:37.752 > 
16:47:37.752 > 
16:47:37.752 > 
16:47:37.752 > 
16:47:37.752 > ================
16:47:37.754 > [  8794][I][main.cpp:79] loop(): [main] LEDS: 1
16:47:37.759 > [  8800][I][main.cpp:83] loop(): [main] ADC Values (mV):
16:47:37.768 > [  8805][I][main.cpp:84] loop(): [main] 1k_A: 1618
16:47:37.776 > [  8813][I][main.cpp:85] loop(): [main] 1k_B: 1616
16:47:37.784 > [  8821][I][main.cpp:86] loop(): [main] 1k_C: 1617
16:47:37.792 > [  8829][I][main.cpp:87] loop(): [main] 1k_D: 1622
16:47:37.800 > [  8837][I][main.cpp:88] loop(): [main] 1k_E: 1622
16:47:37.808 > [  8845][I][main.cpp:89] loop(): [main] 1k_F: 1622
16:47:37.815 > [  8853][I][main.cpp:90] loop(): [main] PD_A: 1481
16:47:37.822 > [  8860][I][main.cpp:91] loop(): [main] PD_B: 1497
16:47:37.830 > [  8868][I][main.cpp:92] loop(): [main] PD_C: 1473
16:47:37.837 > [  8875][I][main.cpp:93] loop(): [main] Z_D: 0
16:47:37.844 > [  8882][I][main.cpp:94] loop(): [main] Z_E: 0
16:47:37.851 > [  8889][I][main.cpp:95] loop(): [main] Z_F: 3300
16:47:37.863 > [  8896][I][main.cpp:102] loop(): [main] Currents (µA) - +12V: 0, +5V: 3060, -12V: 0
16:47:37.872 > [  8911][I][main.cpp:108] loop(): [main] Power rails - +12: 0 +5: 0 -12: 0
16:47:37.929 > 
16:47:37.929 > 
16:47:37.929 > 
16:47:37.929 > 
16:47:37.930 > 
16:47:37.930 > 
16:47:37.930 > 
16:47:37.930 > 
16:47:37.930 > 
16:47:37.930 > 
16:47:37.930 > ================
16:47:37.932 > [  8972][I][main.cpp:79] loop(): [main] LEDS: 0
16:47:37.937 > [  8978][I][main.cpp:83] loop(): [main] ADC Values (mV):
16:47:37.946 > [  8983][I][main.cpp:84] loop(): [main] 1k_A: 1618
16:47:37.954 > [  8991][I][main.cpp:85] loop(): [main] 1k_B: 1614
16:47:37.962 > [  8999][I][main.cpp:86] loop(): [main] 1k_C: 1618
16:47:37.970 > [  9007][I][main.cpp:87] loop(): [main] 1k_D: 1622
16:47:37.978 > [  9015][I][main.cpp:88] loop(): [main] 1k_E: 1622
16:47:37.986 > [  9023][I][main.cpp:89] loop(): [main] 1k_F: 1622
16:47:37.993 > [  9031][I][main.cpp:90] loop(): [main] PD_A: 1477
16:47:38.000 > [  9038][I][main.cpp:91] loop(): [main] PD_B: 1500
16:47:38.008 > [  9046][I][main.cpp:92] loop(): [main] PD_C: 1470
16:47:38.015 > [  9053][I][main.cpp:93] loop(): [main] Z_D: 0
16:47:38.022 > [  9060][I][main.cpp:94] loop(): [main] Z_E: 0
16:47:38.029 > [  9067][I][main.cpp:95] loop(): [main] Z_F: 3300
16:47:38.041 > [  9074][I][main.cpp:102] loop(): [main] Currents (µA) - +12V: 45, +5V: 0, -12V: 0
16:47:38.050 > [  9089][I][main.cpp:108] loop(): [main] Power rails - +12: 0 +5: 0 -12: 0
16:47:38.107 > 
16:47:38.107 > 
16:47:38.107 > 
16:47:38.107 > 
16:47:38.108 > 
16:47:38.109 > 
16:47:38.109 > 
16:47:38.109 > 
16:47:38.109 > 
16:47:38.109 > 
16:47:38.109 > ================
16:47:38.110 > [  9150][I][main.cpp:79] loop(): [main] LEDS: 1
16:47:38.115 > [  9156][I][main.cpp:83] loop(): [main] ADC Values (mV):
16:47:38.124 > [  9161][I][main.cpp:84] loop(): [main] 1k_A: 1619
16:47:38.132 > [  9169][I][main.cpp:85] loop(): [main] 1k_B: 1616
16:47:38.140 > [  9177][I][main.cpp:86] loop(): [main] 1k_C: 1619
16:47:38.148 > [  9185][I][main.cpp:87] loop(): [main] 1k_D: 1622
16:47:38.156 > [  9193][I][main.cpp:88] loop(): [main] 1k_E: 1619
16:47:38.164 > [  9201][I][main.cpp:89] loop(): [main] 1k_F: 1621
16:47:38.171 > [  9209][I][main.cpp:90] loop(): [main] PD_A: 1482
16:47:38.178 > [  9216][I][main.cpp:91] loop(): [main] PD_B: 1497
16:47:38.186 > [  9224][I][main.cpp:92] loop(): [main] PD_C: 1473
16:47:38.193 > [  9231][I][main.cpp:93] loop(): [main] Z_D: 0
16:47:38.200 > [  9238][I][main.cpp:94] loop(): [main] Z_E: 0
16:47:38.207 > [  9245][I][main.cpp:95] loop(): [main] Z_F: 3300
16:47:38.219 > [  9252][I][main.cpp:102] loop(): [main] Currents (µA) - +12V: 0, +5V: 3160, -12V: 40
16:47:38.228 > [  9267][I][main.cpp:108] loop(): [main] Power rails - +12: 0 +5: 0 -12: 0
16:47:38.285 > 
16:47:38.285 > 
16:47:38.285 > 
16:47:38.285 > 
16:47:38.286 > 
16:47:38.286 > 
16:47:38.286 > 
16:47:38.286 > 
16:47:38.286 > 
16:47:38.286 > 
16:47:38.286 > ================
16:47:38.288 > [  9328][I][main.cpp:79] loop(): [main] LEDS: 0
16:47:38.293 > [  9334][I][main.cpp:83] loop(): [main] ADC Values (mV):
16:47:38.302 > [  9339][I][main.cpp:84] loop(): [main] 1k_A: 1618
16:47:38.310 > [  9347][I][main.cpp:85] loop(): [main] 1k_B: 1615
16:47:38.318 > [  9355][I][main.cpp:86] loop(): [main] 1k_C: 1617
16:47:38.326 > [  9363][I][main.cpp:87] loop(): [main] 1k_D: 1623
16:47:38.335 > [  9371][I][main.cpp:88] loop(): [main] 1k_E: 1620
16:47:38.342 > [  9379][I][main.cpp:89] loop(): [main] 1k_F: 1621
16:47:38.349 > [  9387][I][main.cpp:90] loop(): [main] PD_A: 1482
16:47:38.356 > [  9394][I][main.cpp:91] loop(): [main] PD_B: 1485
16:47:38.364 > [  9402][I][main.cpp:92] loop(): [main] PD_C: 1482
16:47:38.371 > [  9409][I][main.cpp:93] loop(): [main] Z_D: 0
16:47:38.378 > [  9416][I][main.cpp:94] loop(): [main] Z_E: 0
16:47:38.385 > [  9423][I][main.cpp:95] loop(): [main] Z_F: 3300
16:47:38.397 > [  9430][I][main.cpp:102] loop(): [main] Currents (µA) - +12V: 0, +5V: 0, -12V: 0
16:47:38.406 > [  9445][I][main.cpp:108] loop(): [main] Power rails - +12: 0 +5: 0 -12: 0
16:47:38.463 > 
16:47:38.463 > 
16:47:38.464 > 
16:47:38.464 > 
16:47:38.464 > 
16:47:38.465 > 
16:47:38.465 > 
16:47:38.465 > 
16:47:38.465 > 
16:47:38.465 > 
16:47:38.465 > ================
16:47:38.466 > [  9506][I][main.cpp:79] loop(): [main] LEDS: 1
16:47:38.471 > [  9512][I][main.cpp:83] loop(): [main] ADC Values (mV):
16:47:38.480 > [  9517][I][main.cpp:84] loop(): [main] 1k_A: 1618
16:47:38.488 > [  9525][I][main.cpp:85] loop(): [main] 1k_B: 1614
16:47:38.496 > [  9533][I][main.cpp:86] loop(): [main] 1k_C: 1619
16:47:38.504 > [  9541][I][main.cpp:87] loop(): [main] 1k_D: 1623
16:47:38.512 > [  9549][I][main.cpp:88] loop(): [main] 1k_E: 1623
16:47:38.520 > [  9557][I][main.cpp:89] loop(): [main] 1k_F: 1621
16:47:38.527 > [  9565][I][main.cpp:90] loop(): [main] PD_A: 1482
16:47:38.534 > [  9572][I][main.cpp:91] loop(): [main] PD_B: 1479
16:47:38.542 > [  9580][I][main.cpp:92] loop(): [main] PD_C: 1494
16:47:38.549 > [  9587][I][main.cpp:93] loop(): [main] Z_D: 0
16:47:38.556 > [  9594][I][main.cpp:94] loop(): [main] Z_E: 0
16:47:38.563 > [  9601][I][main.cpp:95] loop(): [main] Z_F: 3300
16:47:38.575 > [  9608][I][main.cpp:102] loop(): [main] Currents (µA) - +12V: 0, +5V: 2710, -12V: 0
16:47:38.585 > [  9623][I][main.cpp:108] loop(): [main] Power rails - +12: 0 +5: 0 -12: 0
16:47:38.641 > 
16:47:38.641 > 
16:47:38.641 > 
16:47:38.641 > 
16:47:38.642 > 
16:47:38.643 > 
16:47:38.643 > 
16:47:38.643 > 
16:47:38.643 > 
16:47:38.643 > 
16:47:38.643 > ================
16:47:38.644 > [  9684][I][main.cpp:79] loop(): [main] LEDS: 0
16:47:38.649 > [  9690][I][main.cpp:83] loop(): [main] ADC Values (mV):
16:47:38.658 > [  9695][I][main.cpp:84] loop(): [main] 1k_A: 1618
16:47:38.666 > [  9703][I][main.cpp:85] loop(): [main] 1k_B: 1614
16:47:38.674 > [  9711][I][main.cpp:86] loop(): [main] 1k_C: 1615
16:47:38.682 > [  9719][I][main.cpp:87] loop(): [main] 1k_D: 1623
16:47:38.690 > [  9727][I][main.cpp:88] loop(): [main] 1k_E: 1620
16:47:38.698 > [  9735][I][main.cpp:89] loop(): [main] 1k_F: 1620
16:47:38.705 > [  9743][I][main.cpp:90] loop(): [main] PD_A: 1481
16:47:38.712 > [  9750][I][main.cpp:91] loop(): [main] PD_B: 1480
16:47:38.720 > [  9758][I][main.cpp:92] loop(): [main] PD_C: 1493
16:47:38.727 > [  9765][I][main.cpp:93] loop(): [main] Z_D: 0
16:47:38.738 > [  9772][I][main.cpp:94] loop(): [main] Z_E: 0
16:47:38.741 > [  9779][I][main.cpp:95] loop(): [main] Z_F: 3300
16:47:38.753 > [  9786][I][main.cpp:102] loop(): [main] Currents (µA) - +12V: 45, +5V: 0, -12V: 0
16:47:38.762 > [  9801][I][main.cpp:108] loop(): [main] Power rails - +12: 0 +5: 0 -12: 0
16:47:38.819 > 
16:47:38.820 > 
16:47:38.820 > 
16:47:38.820 > 
16:47:38.821 > 
16:47:38.821 > 
16:47:38.821 > 
16:47:38.821 > 
16:47:38.821 > 
16:47:38.821 > 
16:47:38.821 > ================
16:47:38.822 > [  9862][I][main.cpp:79] loop(): [main] LEDS: 1
16:47:38.827 > [  9868][I][main.cpp:83] loop(): [main] ADC Values (mV):
16:47:38.836 > [  9873][I][main.cpp:84] loop(): [main] 1k_A: 1618
16:47:38.844 > [  9881][I][main.cpp:85] loop(): [main] 1k_B: 1615
16:47:38.852 > [  9889][I][main.cpp:86] loop(): [main] 1k_C: 1617
16:47:38.860 > [  9897][I][main.cpp:87] loop(): [main] 1k_D: 1622
16:47:38.868 > [  9905][I][main.cpp:88] loop(): [main] 1k_E: 1620
16:47:38.876 > [  9913][I][main.cpp:89] loop(): [main] 1k_F: 1620
16:47:38.883 > [  9921][I][main.cpp:90] loop(): [main] PD_A: 1490
16:47:38.892 > [  9928][I][main.cpp:91] loop(): [main] PD_B: 1482
16:47:38.898 > [  9936][I][main.cpp:92] loop(): [main] PD_C: 1486
16:47:38.905 > [  9943][I][main.cpp:93] loop(): [main] Z_D: 0
16:47:38.912 > [  9950][I][main.cpp:94] loop(): [main] Z_E: 0
16:47:38.919 > [  9957][I][main.cpp:95] loop(): [main] Z_F: 3300
16:47:38.931 > [  9964][I][main.cpp:102] loop(): [main] Currents (µA) - +12V: 0, +5V: 2610, -12V: 0
16:47:38.940 > [  9979][I][main.cpp:108] loop(): [main] Power rails - +12: 0 +5: 0 -12: 0
16:47:38.997 > 
16:47:38.997 > 
16:47:38.997 > 
16:47:38.997 > 
16:47:38.998 > 
16:47:38.999 > 
16:47:38.999 > 
16:47:38.999 > 
16:47:38.999 > 
16:47:38.999 > 
16:47:38.999 > ================
16:47:39.000 > [ 10040][I][main.cpp:79] loop(): [main] LEDS: 0
16:47:39.005 > [ 10046][I][main.cpp:83] loop(): [main] ADC Values (mV):
16:47:39.014 > [ 10051][I][main.cpp:84] loop(): [main] 1k_A: 1617
16:47:39.022 > [ 10059][I][main.cpp:85] loop(): [main] 1k_B: 1616
16:47:39.030 > [ 10067][I][main.cpp:86] loop(): [main] 1k_C: 1618
16:47:39.038 > [ 10075][I][main.cpp:87] loop(): [main] 1k_D: 1621
16:47:39.046 > [ 10083][I][main.cpp:88] loop(): [main] 1k_E: 1622
16:47:39.054 > [ 10091][I][main.cpp:89] loop(): [main] 1k_F: 1620
16:47:39.061 > [ 10099][I][main.cpp:90] loop(): [main] PD_A: 1494
16:47:39.068 > [ 10106][I][main.cpp:91] loop(): [main] PD_B: 1481
16:47:39.076 > [ 10114][I][main.cpp:92] loop(): [main] PD_C: 1473
16:47:39.083 > [ 10121][I][main.cpp:93] loop(): [main] Z_D: 0
16:47:39.090 > [ 10128][I][main.cpp:94] loop(): [main] Z_E: 0
16:47:39.097 > [ 10135][I][main.cpp:95] loop(): [main] Z_F: 3300
16:47:39.109 > [ 10142][I][main.cpp:102] loop(): [main] Currents (µA) - +12V: 0, +5V: 0, -12V: 0
16:47:39.118 > [ 10157][I][main.cpp:108] loop(): [main] Power rails - +12: 0 +5: 0 -12: 0
16:47:39.175 > 
16:47:39.175 > 
16:47:39.176 > 
16:47:39.176 > 
16:47:39.176 > 
16:47:39.177 > 
16:47:39.177 > 
16:47:39.177 > 
16:47:39.177 > 
16:47:39.177 > 
16:47:39.177 > ================
16:47:39.178 > [ 10218][I][main.cpp:79] loop(): [main] LEDS: 1
16:47:39.183 > [ 10224][I][main.cpp:83] loop(): [main] ADC Values (mV):
16:47:39.192 > [ 10229][I][main.cpp:84] loop(): [main] 1k_A: 1617
16:47:39.200 > [ 10237][I][main.cpp:85] loop(): [main] 1k_B: 1616
16:47:39.208 > [ 10245][I][main.cpp:86] loop(): [main] 1k_C: 1616
16:47:39.216 > [ 10253][I][main.cpp:87] loop(): [main] 1k_D: 1622
16:47:39.224 > [ 10261][I][main.cpp:88] loop(): [main] 1k_E: 1622
16:47:39.232 > [ 10269][I][main.cpp:89] loop(): [main] 1k_F: 1622
16:47:39.239 > [ 10277][I][main.cpp:90] loop(): [main] PD_A: 1496
16:47:39.246 > [ 10284][I][main.cpp:91] loop(): [main] PD_B: 1481
16:47:39.254 > [ 10292][I][main.cpp:92] loop(): [main] PD_C: 1468
16:47:39.261 > [ 10299][I][main.cpp:93] loop(): [main] Z_D: 0
16:47:39.268 > [ 10306][I][main.cpp:94] loop(): [main] Z_E: 0
16:47:39.275 > [ 10313][I][main.cpp:95] loop(): [main] Z_F: 3300
16:47:39.287 > [ 10320][I][main.cpp:102] loop(): [main] Currents (µA) - +12V: 0, +5V: 2660, -12V: 0
16:47:39.296 > [ 10335][I][main.cpp:108] loop(): [main] Power rails - +12: 0 +5: 0 -12: 0
16:47:39.353 > 
16:47:39.354 > 
16:47:39.354 > 
16:47:39.354 > 
16:47:39.354 > 
16:47:39.355 > 
16:47:39.355 > 
16:47:39.355 > 
16:47:39.355 > 
16:47:39.355 > 
16:47:39.355 > ================
16:47:39.355 > [ 10396][I][main.cpp:79] loop(): [main] LEDS: 0
16:47:39.361 > [ 10402][I][main.cpp:83] loop(): [main] ADC Values (mV):
16:47:39.370 > [ 10407][I][main.cpp:84] loop(): [main] 1k_A: 1617
16:47:39.378 > [ 10415][I][main.cpp:85] loop(): [main] 1k_B: 1616
16:47:39.386 > [ 10423][I][main.cpp:86] loop(): [main] 1k_C: 1618
16:47:39.394 > [ 10431][I][main.cpp:87] loop(): [main] 1k_D: 1622
16:47:39.402 > [ 10439][I][main.cpp:88] loop(): [main] 1k_E: 1623
16:47:39.410 > [ 10447][I][main.cpp:89] loop(): [main] 1k_F: 1620
16:47:39.417 > [ 10455][I][main.cpp:90] loop(): [main] PD_A: 1490
16:47:39.424 > [ 10462][I][main.cpp:91] loop(): [main] PD_B: 1482
16:47:39.432 > [ 10470][I][main.cpp:92] loop(): [main] PD_C: 1471
16:47:39.439 > [ 10477][I][main.cpp:93] loop(): [main] Z_D: 0
16:47:39.446 > [ 10484][I][main.cpp:94] loop(): [main] Z_E: 0
16:47:39.453 > [ 10491][I][main.cpp:95] loop(): [main] Z_F: 3300
16:47:39.465 > [ 10498][I][main.cpp:102] loop(): [main] Currents (µA) - +12V: 0, +5V: 0, -12V: 0
16:47:39.474 > [ 10513][I][main.cpp:108] loop(): [main] Power rails - +12: 0 +5: 0 -12: 0
16:47:39.531 > 
16:47:39.531 > 
16:47:39.531 > 
16:47:39.531 > 
16:47:39.532 > 
16:47:39.532 > 
16:47:39.532 > 
16:47:39.532 > 
16:47:39.532 > 
16:47:39.532 > 
16:47:39.532 > ================
16:47:39.533 > [ 10574][I][main.cpp:79] loop(): [main] LEDS: 1
16:47:39.539 > [ 10580][I][main.cpp:83] loop(): [main] ADC Values (mV):
16:47:39.548 > [ 10585][I][main.cpp:84] loop(): [main] 1k_A: 1617
16:47:39.556 > [ 10593][I][main.cpp:85] loop(): [main] 1k_B: 1614
16:47:39.564 > [ 10601][I][main.cpp:86] loop(): [main] 1k_C: 1617
16:47:39.572 > [ 10609][I][main.cpp:87] loop(): [main] 1k_D: 1622
16:47:39.580 > [ 10617][I][main.cpp:88] loop(): [main] 1k_E: 1621
16:47:39.588 > [ 10625][I][main.cpp:89] loop(): [main] 1k_F: 1620
16:47:39.595 > [ 10633][I][main.cpp:90] loop(): [main] PD_A: 1481
16:47:39.602 > [ 10640][I][main.cpp:91] loop(): [main] PD_B: 1498
16:47:39.610 > [ 10648][I][main.cpp:92] loop(): [main] PD_C: 1474
16:47:39.617 > [ 10655][I][main.cpp:93] loop(): [main] Z_D: 0
16:47:39.624 > [ 10662][I][main.cpp:94] loop(): [main] Z_E: 0
16:47:39.630 > [ 10669][I][main.cpp:95] loop(): [main] Z_F: 3300
16:47:39.643 > [ 10676][I][main.cpp:102] loop(): [main] Currents (µA) - +12V: 0, +5V: 2410, -12V: 0
16:47:39.652 > [ 10691][I][main.cpp:108] loop(): [main] Power rails - +12: 0 +5: 0 -12: 0
16:47:39.709 > 
16:47:39.710 > 
16:47:39.710 > 
16:47:39.710 > 
16:47:39.710 > 
16:47:39.710 > 
16:47:39.711 > 
16:47:39.711 > 
16:47:39.711 > 
16:47:39.711 > 
16:47:39.711 > ================
16:47:39.712 > [ 10752][I][main.cpp:79] loop(): [main] LEDS: 0
16:47:39.717 > [ 10758][I][main.cpp:83] loop(): [main] ADC Values (mV):
16:47:39.726 > [ 10763][I][main.cpp:84] loop(): [main] 1k_A: 1618
16:47:39.734 > [ 10771][I][main.cpp:85] loop(): [main] 1k_B: 1615
16:47:39.742 > [ 10779][I][main.cpp:86] loop(): [main] 1k_C: 1619
16:47:39.750 > [ 10787][I][main.cpp:87] loop(): [main] 1k_D: 1622
16:47:39.758 > [ 10795][I][main.cpp:88] loop(): [main] 1k_E: 1620
16:47:39.766 > [ 10803][I][main.cpp:89] loop(): [main] 1k_F: 1621
16:47:39.773 > [ 10811][I][main.cpp:90] loop(): [main] PD_A: 1478
16:47:39.780 > [ 10818][I][main.cpp:91] loop(): [main] PD_B: 1500
16:47:39.788 > [ 10826][I][main.cpp:92] loop(): [main] PD_C: 1472
16:47:39.795 > [ 10833][I][main.cpp:93] loop(): [main] Z_D: 0
16:47:39.802 > [ 10840][I][main.cpp:94] loop(): [main] Z_E: 0
16:47:39.809 > [ 10847][I][main.cpp:95] loop(): [main] Z_F: 3300
16:47:39.821 > [ 10854][I][main.cpp:102] loop(): [main] Currents (µA) - +12V: 0, +5V: 0, -12V: 0
16:47:39.830 > [ 10869][I][main.cpp:108] loop(): [main] Power rails - +12: 0 +5: 0 -12: 0
16:47:39.887 > 
16:47:39.888 > 
16:47:39.888 > 
16:47:39.888 > 
16:47:39.888 > 
16:47:39.889 > 
16:47:39.889 > 
16:47:39.889 > 
16:47:39.889 > 
16:47:39.889 > 
16:47:39.889 > ================
16:47:39.889 > [ 10930][I][main.cpp:79] loop(): [main] LEDS: 1
16:47:39.895 > [ 10936][I][main.cpp:83] loop(): [main] ADC Values (mV):
16:47:39.904 > [ 10941][I][main.cpp:84] loop(): [main] 1k_A: 1617
16:47:39.912 > [ 10949][I][main.cpp:85] loop(): [main] 1k_B: 1614
16:47:39.920 > [ 10957][I][main.cpp:86] loop(): [main] 1k_C: 1618
16:47:39.928 > [ 10965][I][main.cpp:87] loop(): [main] 1k_D: 1623
16:47:39.936 > [ 10973][I][main.cpp:88] loop(): [main] 1k_E: 1620
16:47:39.944 > [ 10981][I][main.cpp:89] loop(): [main] 1k_F: 1619
16:47:39.951 > [ 10989][I][main.cpp:90] loop(): [main] PD_A: 1481
16:47:39.958 > [ 10996][I][main.cpp:91] loop(): [main] PD_B: 1496
16:47:39.965 > [ 11004][I][main.cpp:92] loop(): [main] PD_C: 1473
16:47:39.973 > [ 11011][I][main.cpp:93] loop(): [main] Z_D: 0
16:47:39.980 > [ 11018][I][main.cpp:94] loop(): [main] Z_E: 0
16:47:39.987 > [ 11025][I][main.cpp:95] loop(): [main] Z_F: 3300
16:47:39.999 > [ 11032][I][main.cpp:102] loop(): [main] Currents (µA) - +12V: 0, +5V: 2510, -12V: 0
16:47:40.008 > [ 11047][I][main.cpp:108] loop(): [main] Power rails - +12: 0 +5: 0 -12: 0
16:47:40.065 > 
16:47:40.065 > 
16:47:40.065 > 
16:47:40.065 > 
16:47:40.065 > 
16:47:40.066 > 
16:47:40.067 > 
16:47:40.067 > 
16:47:40.067 > 
16:47:40.067 > 
16:47:40.067 > ================
16:47:40.068 > [ 11108][I][main.cpp:79] loop(): [main] LEDS: 0
16:47:40.073 > [ 11114][I][main.cpp:83] loop(): [main] ADC Values (mV):
16:47:40.082 > [ 11119][I][main.cpp:84] loop(): [main] 1k_A: 1617
16:47:40.090 > [ 11127][I][main.cpp:85] loop(): [main] 1k_B: 1615
16:47:40.098 > [ 11135][I][main.cpp:86] loop(): [main] 1k_C: 1617
16:47:40.106 > [ 11143][I][main.cpp:87] loop(): [main] 1k_D: 1622
16:47:40.114 > [ 11151][I][main.cpp:88] loop(): [main] 1k_E: 1621
16:47:40.122 > [ 11159][I][main.cpp:89] loop(): [main] 1k_F: 1621
16:47:40.129 > [ 11167][I][main.cpp:90] loop(): [main] PD_A: 1481
16:47:40.136 > [ 11174][I][main.cpp:91] loop(): [main] PD_B: 1486
16:47:40.144 > [ 11182][I][main.cpp:92] loop(): [main] PD_C: 1482
16:47:40.151 > [ 11189][I][main.cpp:93] loop(): [main] Z_D: 0
16:47:40.158 > [ 11196][I][main.cpp:94] loop(): [main] Z_E: 0
16:47:40.165 > [ 11203][I][main.cpp:95] loop(): [main] Z_F: 3300
16:47:40.177 > [ 11210][I][main.cpp:102] loop(): [main] Currents (µA) - +12V: 45, +5V: 0, -12V: 0
16:47:40.186 > [ 11225][I][main.cpp:108] loop(): [main] Power rails - +12: 0 +5: 0 -12: 0
16:47:40.243 > 
16:47:40.244 > 
16:47:40.244 > 
16:47:40.244 > 
16:47:40.244 > 
16:47:40.244 > 
16:47:40.245 > 
16:47:40.245 > 
16:47:40.245 > 
16:47:40.245 > 
16:47:40.245 > ================
16:47:40.246 > [ 11286][I][main.cpp:79] loop(): [main] LEDS: 1
16:47:40.251 > [ 11292][I][main.cpp:83] loop(): [main] ADC Values (mV):
16:47:40.260 > [ 11297][I][main.cpp:84] loop(): [main] 1k_A: 1618
16:47:40.268 > [ 11305][I][main.cpp:85] loop(): [main] 1k_B: 1614
16:47:40.276 > [ 11313][I][main.cpp:86] loop(): [main] 1k_C: 1618
16:47:40.284 > [ 11321][I][main.cpp:87] loop(): [main] 1k_D: 1621
16:47:40.292 > [ 11329][I][main.cpp:88] loop(): [main] 1k_E: 1619
16:47:40.300 > [ 11337][I][main.cpp:89] loop(): [main] 1k_F: 1620
16:47:40.307 > [ 11345][I][main.cpp:90] loop(): [main] PD_A: 1481
16:47:40.314 > [ 11352][I][main.cpp:91] loop(): [main] PD_B: 1478
16:47:40.322 > [ 11360][I][main.cpp:92] loop(): [main] PD_C: 1494
16:47:40.329 > [ 11367][I][main.cpp:93] loop(): [main] Z_D: 0
16:47:40.336 > [ 11374][I][main.cpp:94] loop(): [main] Z_E: 0
16:47:40.343 > [ 11381][I][main.cpp:95] loop(): [main] Z_F: 3300
16:47:40.355 > [ 11388][I][main.cpp:102] loop(): [main] Currents (µA) - +12V: 0, +5V: 2560, -12V: 0
16:47:40.364 > [ 11403][I][main.cpp:108] loop(): [main] Power rails - +12: 0 +5: 0 -12: 0
16:47:40.421 > 
16:47:40.422 > 
16:47:40.422 > 
16:47:40.422 > 
16:47:40.422 > 
16:47:40.423 > 
16:47:40.423 > 
16:47:40.423 > 
16:47:40.423 > 
16:47:40.423 > 
16:47:40.423 > ================
16:47:40.423 > [ 11464][I][main.cpp:79] loop(): [main] LEDS: 0
16:47:40.429 > [ 11470][I][main.cpp:83] loop(): [main] ADC Values (mV):
16:47:40.438 > [ 11475][I][main.cpp:84] loop(): [main] 1k_A: 1619
16:47:40.446 > [ 11483][I][main.cpp:85] loop(): [main] 1k_B: 1615
16:47:40.454 > [ 11491][I][main.cpp:86] loop(): [main] 1k_C: 1617
16:47:40.462 > [ 11499][I][main.cpp:87] loop(): [main] 1k_D: 1622
16:47:40.470 > [ 11507][I][main.cpp:88] loop(): [main] 1k_E: 1620
16:47:40.478 > [ 11515][I][main.cpp:89] loop(): [main] 1k_F: 1622
16:47:40.485 > [ 11523][I][main.cpp:90] loop(): [main] PD_A: 1481
16:47:40.492 > [ 11530][I][main.cpp:91] loop(): [main] PD_B: 1478
16:47:40.500 > [ 11538][I][main.cpp:92] loop(): [main] PD_C: 1492
16:47:40.507 > [ 11545][I][main.cpp:93] loop(): [main] Z_D: 0
16:47:40.514 > [ 11552][I][main.cpp:94] loop(): [main] Z_E: 0
16:47:40.521 > [ 11559][I][main.cpp:95] loop(): [main] Z_F: 3300
16:47:40.533 > [ 11566][I][main.cpp:102] loop(): [main] Currents (µA) - +12V: 0, +5V: 0, -12V: 0
16:47:40.542 > [ 11581][I][main.cpp:108] loop(): [main] Power rails - +12: 0 +5: 0 -12: 0
16:47:40.599 > 
16:47:40.599 > 
16:47:40.599 > 
16:47:40.599 > 
16:47:40.599 > 
16:47:40.600 > 
16:47:40.601 > 
16:47:40.601 > 
16:47:40.601 > 
16:47:40.601 > 
16:47:40.601 > ================
16:47:40.601 > [ 11642][I][main.cpp:79] loop(): [main] LEDS: 1
16:47:40.607 > [ 11648][I][main.cpp:83] loop(): [main] ADC Values (mV):
16:47:40.616 > [ 11653][I][main.cpp:84] loop(): [main] 1k_A: 1618
16:47:40.624 > [ 11661][I][main.cpp:85] loop(): [main] 1k_B: 1615
16:47:40.632 > [ 11669][I][main.cpp:86] loop(): [main] 1k_C: 1618
16:47:40.640 > [ 11677][I][main.cpp:87] loop(): [main] 1k_D: 1620
16:47:40.648 > [ 11685][I][main.cpp:88] loop(): [main] 1k_E: 1620
16:47:40.656 > [ 11693][I][main.cpp:89] loop(): [main] 1k_F: 1620
16:47:40.663 > [ 11701][I][main.cpp:90] loop(): [main] PD_A: 1487
16:47:40.670 > [ 11708][I][main.cpp:91] loop(): [main] PD_B: 1481
16:47:40.678 > [ 11716][I][main.cpp:92] loop(): [main] PD_C: 1486
16:47:40.685 > [ 11723][I][main.cpp:93] loop(): [main] Z_D: 0
16:47:40.692 > [ 11730][I][main.cpp:94] loop(): [main] Z_E: 0
16:47:40.699 > [ 11737][I][main.cpp:95] loop(): [main] Z_F: 3300
16:47:40.711 > [ 11744][I][main.cpp:102] loop(): [main] Currents (µA) - +12V: 0, +5V: 2760, -12V: 0
16:47:40.720 > [ 11759][I][main.cpp:108] loop(): [main] Power rails - +12: 0 +5: 0 -12: 0
16:47:40.777 > 
16:47:40.777 > 
16:47:40.778 > 
16:47:40.778 > 
16:47:40.778 > 
16:47:40.778 > 
16:47:40.779 > 
16:47:40.779 > 
16:47:40.779 > 
16:47:40.779 > 
16:47:40.779 > ================
16:47:40.780 > [ 11820][I][main.cpp:79] loop(): [main] LEDS: 0
16:47:40.785 > [ 11826][I][main.cpp:83] loop(): [main] ADC Values (mV):
16:47:40.794 > [ 11831][I][main.cpp:84] loop(): [main] 1k_A: 1616
16:47:40.802 > [ 11839][I][main.cpp:85] loop(): [main] 1k_B: 1615
16:47:40.810 > [ 11847][I][main.cpp:86] loop(): [main] 1k_C: 1617
16:47:40.818 > [ 11855][I][main.cpp:87] loop(): [main] 1k_D: 1622
16:47:40.826 > [ 11863][I][main.cpp:88] loop(): [main] 1k_E: 1620
16:47:40.834 > [ 11871][I][main.cpp:89] loop(): [main] 1k_F: 1620
16:47:40.841 > [ 11879][I][main.cpp:90] loop(): [main] PD_A: 1497
16:47:40.848 > [ 11886][I][main.cpp:91] loop(): [main] PD_B: 1482
16:47:40.856 > [ 11894][I][main.cpp:92] loop(): [main] PD_C: 1474
16:47:40.863 > [ 11901][I][main.cpp:93] loop(): [main] Z_D: 0
16:47:40.870 > [ 11908][I][main.cpp:94] loop(): [main] Z_E: 0
16:47:40.877 > [ 11915][I][main.cpp:95] loop(): [main] Z_F: 3300
16:47:40.889 > [ 11922][I][main.cpp:102] loop(): [main] Currents (µA) - +12V: 0, +5V: 0, -12V: 0
16:47:40.898 > [ 11937][I][main.cpp:108] loop(): [main] Power rails - +12: 0 +5: 0 -12: 0
16:47:40.955 > 
16:47:40.955 > 
16:47:40.955 > 
16:47:40.955 > 
16:47:40.955 > 
16:47:40.956 > 
16:47:40.956 > 
16:47:40.956 > 
16:47:40.956 > 
16:47:40.956 > 
16:47:40.956 > ================
16:47:40.957 > [ 11998][I][main.cpp:79] loop(): [main] LEDS: 1
16:47:40.963 > [ 12004][I][main.cpp:83] loop(): [main] ADC Values (mV):
16:47:40.972 > [ 12009][I][main.cpp:84] loop(): [main] 1k_A: 1618
16:47:40.980 > [ 12017][I][main.cpp:85] loop(): [main] 1k_B: 1615
16:47:40.988 > [ 12025][I][main.cpp:86] loop(): [main] 1k_C: 1618
16:47:40.996 > [ 12033][I][main.cpp:87] loop(): [main] 1k_D: 1622
16:47:41.004 > [ 12041][I][main.cpp:88] loop(): [main] 1k_E: 1621
16:47:41.012 > [ 12049][I][main.cpp:89] loop(): [main] 1k_F: 1620
16:47:41.019 > [ 12057][I][main.cpp:90] loop(): [main] PD_A: 1497
16:47:41.026 > [ 12064][I][main.cpp:91] loop(): [main] PD_B: 1481
16:47:41.034 > [ 12072][I][main.cpp:92] loop(): [main] PD_C: 1468
16:47:41.041 > [ 12079][I][main.cpp:93] loop(): [main] Z_D: 0
16:47:41.048 > [ 12086][I][main.cpp:94] loop(): [main] Z_E: 0
16:47:41.055 > [ 12093][I][main.cpp:95] loop(): [main] Z_F: 3300
16:47:41.067 > [ 12100][I][main.cpp:102] loop(): [main] Currents (µA) - +12V: 0, +5V: 2760, -12V: 0
16:47:41.076 > [ 12115][I][main.cpp:108] loop(): [main] Power rails - +12: 0 +5: 0 -12: 0
16:47:41.133 > 
16:47:41.134 > 
16:47:41.134 > 
16:47:41.134 > 
16:47:41.134 > 
16:47:41.134 > 
16:47:41.134 > 
16:47:41.135 > 
16:47:41.135 > 
16:47:41.135 > 
16:47:41.135 > ================
16:47:41.135 > [ 12176][I][main.cpp:79] loop(): [main] LEDS: 0
16:47:41.141 > [ 12182][I][main.cpp:83] loop(): [main] ADC Values (mV):
16:47:41.150 > [ 12187][I][main.cpp:84] loop(): [main] 1k_A: 1619
16:47:41.158 > [ 12195][I][main.cpp:85] loop(): [main] 1k_B: 1615
16:47:41.166 > [ 12203][I][main.cpp:86] loop(): [main] 1k_C: 1617
16:47:41.174 > [ 12211][I][main.cpp:87] loop(): [main] 1k_D: 1623
16:47:41.182 > [ 12219][I][main.cpp:88] loop(): [main] 1k_E: 1622
16:47:41.190 > [ 12227][I][main.cpp:89] loop(): [main] 1k_F: 1620
16:47:41.197 > [ 12235][I][main.cpp:90] loop(): [main] PD_A: 1486
16:47:41.204 > [ 12242][I][main.cpp:91] loop(): [main] PD_B: 1482
16:47:41.212 > [ 12250][I][main.cpp:92] loop(): [main] PD_C: 1469
16:47:41.219 > [ 12257][I][main.cpp:93] loop(): [main] Z_D: 0
16:47:41.226 > [ 12264][I][main.cpp:94] loop(): [main] Z_E: 0
16:47:41.233 > [ 12271][I][main.cpp:95] loop(): [main] Z_F: 3300
16:47:41.245 > [ 12278][I][main.cpp:102] loop(): [main] Currents (µA) - +12V: 0, +5V: 0, -12V: 0
16:47:41.254 > [ 12293][I][main.cpp:108] loop(): [main] Power rails - +12: 0 +5: 0 -12: 0
16:47:41.311 > 
16:47:41.311 > 
16:47:41.312 > 
16:47:41.312 > 
16:47:41.312 > 
16:47:41.312 > 
16:47:41.313 > 
16:47:41.313 > 
16:47:41.313 > 
16:47:41.313 > 
16:47:41.313 > ================
16:47:41.314 > [ 12354][I][main.cpp:79] loop(): [main] LEDS: 1
16:47:41.319 > [ 12360][I][main.cpp:83] loop(): [main] ADC Values (mV):
16:47:41.328 > [ 12365][I][main.cpp:84] loop(): [main] 1k_A: 1617
16:47:41.336 > [ 12373][I][main.cpp:85] loop(): [main] 1k_B: 1614
16:47:41.344 > [ 12381][I][main.cpp:86] loop(): [main] 1k_C: 1617
16:47:41.352 > [ 12389][I][main.cpp:87] loop(): [main] 1k_D: 1621
16:47:41.360 > [ 12397][I][main.cpp:88] loop(): [main] 1k_E: 1622
16:47:41.368 > [ 12405][I][main.cpp:89] loop(): [main] 1k_F: 1619
16:47:41.375 > [ 12413][I][main.cpp:90] loop(): [main] PD_A: 1481
16:47:41.382 > [ 12420][I][main.cpp:91] loop(): [main] PD_B: 1498
16:47:41.389 > [ 12428][I][main.cpp:92] loop(): [main] PD_C: 1473
16:47:41.397 > [ 12435][I][main.cpp:93] loop(): [main] Z_D: 0
16:47:41.404 > [ 12442][I][main.cpp:94] loop(): [main] Z_E: 0
16:47:41.410 > [ 12449][I][main.cpp:95] loop(): [main] Z_F: 3300
16:47:41.423 > [ 12456][I][main.cpp:102] loop(): [main] Currents (µA) - +12V: 0, +5V: 2610, -12V: 0
16:47:41.432 > [ 12471][I][main.cpp:108] loop(): [main] Power rails - +12: 0 +5: 0 -12: 0
16:47:41.489 > 
16:47:41.489 > 
16:47:41.490 > 
16:47:41.490 > 
16:47:41.490 > 
16:47:41.490 > 
16:47:41.491 > 
16:47:41.491 > 
16:47:41.491 > 
16:47:41.491 > 
16:47:41.491 > ================
16:47:41.491 > [ 12532][I][main.cpp:79] loop(): [main] LEDS: 0
16:47:41.497 > [ 12538][I][main.cpp:83] loop(): [main] ADC Values (mV):
16:47:41.506 > [ 12543][I][main.cpp:84] loop(): [main] 1k_A: 1619
16:47:41.514 > [ 12551][I][main.cpp:85] loop(): [main] 1k_B: 1616
16:47:41.522 > [ 12559][I][main.cpp:86] loop(): [main] 1k_C: 1618
16:47:41.530 > [ 12567][I][main.cpp:87] loop(): [main] 1k_D: 1623
16:47:41.538 > [ 12575][I][main.cpp:88] loop(): [main] 1k_E: 1619
16:47:41.546 > [ 12583][I][main.cpp:89] loop(): [main] 1k_F: 1620
16:47:41.553 > [ 12591][I][main.cpp:90] loop(): [main] PD_A: 1478
16:47:41.560 > [ 12598][I][main.cpp:91] loop(): [main] PD_B: 1501
16:47:41.568 > [ 12606][I][main.cpp:92] loop(): [main] PD_C: 1471
16:47:41.575 > [ 12613][I][main.cpp:93] loop(): [main] Z_D: 0
16:47:41.582 > [ 12620][I][main.cpp:94] loop(): [main] Z_E: 0
16:47:41.589 > [ 12627][I][main.cpp:95] loop(): [main] Z_F: 3300
16:47:41.601 > [ 12634][I][main.cpp:102] loop(): [main] Currents (µA) - +12V: 0, +5V: 0, -12V: 0
16:47:41.610 > [ 12649][I][main.cpp:108] loop(): [main] Power rails - +12: 0 +5: 0 -12: 0
16:47:41.667 > 
16:47:41.668 > 
16:47:41.668 > 
16:47:41.668 > 
16:47:41.668 > 
16:47:41.668 > 
16:47:41.669 > 
16:47:41.669 > 
16:47:41.669 > 
16:47:41.669 > 
16:47:41.669 > ================
16:47:41.670 > [ 12710][I][main.cpp:79] loop(): [main] LEDS: 1
16:47:41.675 > [ 12716][I][main.cpp:83] loop(): [main] ADC Values (mV):
16:47:41.684 > [ 12721][I][main.cpp:84] loop(): [main] 1k_A: 1618
16:47:41.692 > [ 12729][I][main.cpp:85] loop(): [main] 1k_B: 1615
16:47:41.700 > [ 12737][I][main.cpp:86] loop(): [main] 1k_C: 1618
16:47:41.708 > [ 12745][I][main.cpp:87] loop(): [main] 1k_D: 1622
16:47:41.716 > [ 12753][I][main.cpp:88] loop(): [main] 1k_E: 1620
16:47:41.724 > [ 12761][I][main.cpp:89] loop(): [main] 1k_F: 1620
16:47:41.731 > [ 12769][I][main.cpp:90] loop(): [main] PD_A: 1482
16:47:41.738 > [ 12776][I][main.cpp:91] loop(): [main] PD_B: 1495
16:47:41.745 > [ 12784][I][main.cpp:92] loop(): [main] PD_C: 1472
16:47:41.753 > [ 12791][I][main.cpp:93] loop(): [main] Z_D: 0
16:47:41.760 > [ 12798][I][main.cpp:94] loop(): [main] Z_E: 0
16:47:41.767 > [ 12805][I][main.cpp:95] loop(): [main] Z_F: 3300
16:47:41.779 > [ 12812][I][main.cpp:102] loop(): [main] Currents (µA) - +12V: 0, +5V: 2510, -12V: 0
16:47:41.788 > [ 12827][I][main.cpp:108] loop(): [main] Power rails - +12: 0 +5: 0 -12: 0
16:47:41.845 > 
16:47:41.845 > 
16:47:41.846 > 
16:47:41.846 > 
16:47:41.846 > 
16:47:41.847 > 
16:47:41.847 > 
16:47:41.847 > 
16:47:41.847 > 
16:47:41.847 > 
16:47:41.847 > ================
16:47:41.848 > [ 12888][I][main.cpp:79] loop(): [main] LEDS: 0
16:47:41.853 > [ 12894][I][main.cpp:83] loop(): [main] ADC Values (mV):
16:47:41.862 > [ 12899][I][main.cpp:84] loop(): [main] 1k_A: 1617
16:47:41.870 > [ 12907][I][main.cpp:85] loop(): [main] 1k_B: 1615
16:47:41.878 > [ 12915][I][main.cpp:86] loop(): [main] 1k_C: 1618
16:47:41.886 > [ 12923][I][main.cpp:87] loop(): [main] 1k_D: 1623
16:47:41.894 > [ 12931][I][main.cpp:88] loop(): [main] 1k_E: 1620
16:47:41.902 > [ 12939][I][main.cpp:89] loop(): [main] 1k_F: 1620
16:47:41.909 > [ 12947][I][main.cpp:90] loop(): [main] PD_A: 1482
16:47:41.916 > [ 12954][I][main.cpp:91] loop(): [main] PD_B: 1485
16:47:41.924 > [ 12962][I][main.cpp:92] loop(): [main] PD_C: 1477
16:47:41.931 > [ 12969][I][main.cpp:93] loop(): [main] Z_D: 0
16:47:41.938 > [ 12976][I][main.cpp:94] loop(): [main] Z_E: 0
16:47:41.945 > [ 12983][I][main.cpp:95] loop(): [main] Z_F: 3300
16:47:41.957 > [ 12990][I][main.cpp:102] loop(): [main] Currents (µA) - +12V: 0, +5V: 0, -12V: 0
16:47:41.966 > [ 13005][I][main.cpp:108] loop(): [main] Power rails - +12: 0 +5: 0 -12: 0
16:47:42.023 > 
16:47:42.024 > 
16:47:42.024 > 
16:47:42.024 > 
16:47:42.024 > 
16:47:42.024 > 
16:47:42.024 > 
16:47:42.024 > 
16:47:42.024 > 
16:47:42.024 > 
16:47:42.024 > ================
16:47:42.025 > [ 13066][I][main.cpp:79] loop(): [main] LEDS: 1
16:47:42.031 > [ 13072][I][main.cpp:83] loop(): [main] ADC Values (mV):
16:47:42.040 > [ 13077][I][main.cpp:84] loop(): [main] 1k_A: 1618
16:47:42.048 > [ 13085][I][main.cpp:85] loop(): [main] 1k_B: 1616
16:47:42.056 > [ 13093][I][main.cpp:86] loop(): [main] 1k_C: 1618
16:47:42.064 > [ 13101][I][main.cpp:87] loop(): [main] 1k_D: 1622
16:47:42.072 > [ 13109][I][main.cpp:88] loop(): [main] 1k_E: 1619
16:47:42.080 > [ 13117][I][main.cpp:89] loop(): [main] 1k_F: 1621
16:47:42.087 > [ 13125][I][main.cpp:90] loop(): [main] PD_A: 1482
16:47:42.094 > [ 13132][I][main.cpp:91] loop(): [main] PD_B: 1477
16:47:42.102 > [ 13140][I][main.cpp:92] loop(): [main] PD_C: 1495
16:47:42.109 > [ 13147][I][main.cpp:93] loop(): [main] Z_D: 0
16:47:42.116 > [ 13154][I][main.cpp:94] loop(): [main] Z_E: 0
16:47:42.122 > [ 13161][I][main.cpp:95] loop(): [main] Z_F: 3300
16:47:42.135 > [ 13168][I][main.cpp:102] loop(): [main] Currents (µA) - +12V: 45, +5V: 3260, -12V: 40
16:47:42.144 > [ 13184][I][main.cpp:108] loop(): [main] Power rails - +12: 0 +5: 0 -12: 0
16:47:42.201 > 
16:47:42.201 > 
16:47:42.202 > 
16:47:42.202 > 
16:47:42.202 > 
16:47:42.202 > 
16:47:42.203 > 
16:47:42.203 > 
16:47:42.203 > 
16:47:42.203 > 
16:47:42.203 > ================
16:47:42.204 > [ 13244][I][main.cpp:79] loop(): [main] LEDS: 0
16:47:42.209 > [ 13250][I][main.cpp:83] loop(): [main] ADC Values (mV):
16:47:42.218 > [ 13255][I][main.cpp:84] loop(): [main] 1k_A: 1619
16:47:42.226 > [ 13263][I][main.cpp:85] loop(): [main] 1k_B: 1616
16:47:42.234 > [ 13271][I][main.cpp:86] loop(): [main] 1k_C: 1619
16:47:42.242 > [ 13279][I][main.cpp:87] loop(): [main] 1k_D: 1623
16:47:42.250 > [ 13287][I][main.cpp:88] loop(): [main] 1k_E: 1622
16:47:42.258 > [ 13295][I][main.cpp:89] loop(): [main] 1k_F: 1620
16:47:42.265 > [ 